<?xml version="1.0" encoding="UTF-8"?>
<testsuite xmlns:xsi="http://www.w3.org/2001/XMLSchema-instance" xsi:noNamespaceSchemaLocation="https://maven.apache.org/surefire/maven-surefire-plugin/xsd/surefire-test-report-3.0.xsd" version="3.0" name="com.onlinebooking.bms.UserServiceTest" time="9.166" tests="3" errors="0" skipped="0" failures="0">
  <properties>
[...]
</properties>
  <testcase name="testAddUser" classname="com.onlinebooking.bms.UserServiceTest" time="0.901">
    <system-out><![CDATA[11:27:42.914 [main] INFO org.springframework.test.context.support.AnnotationConfigContextLoaderUtils -- Could not detect default configuration classes for test class [com.onlinebooking.bms.UserServiceTest]: UserServiceTest does not declare any static, non-private, non-final, nested classes annotated with @Configuration.
11:27:43.107 [main] INFO org.springframework.boot.test.context.SpringBootTestContextBootstrapper -- Found @SpringBootConfiguration com.onlinebooking.bms.BookMyShowApplication for test class com.onlinebooking.bms.UserServiceTest

  .   ____          _            __ _ _
 /\\ / ___'_ __ _ _(_)_ __  __ _ \ \ \ \
( ( )\___ | '_ | '_| | '_ \/ _` | \ \ \ \
 \\/  ___)| |_)| | | | | || (_| |  ) ) ) )
  '  |____| .__|_| |_|_| |_\__, | / / / /
 =========|_|==============|___/=/_/_/_/

 :: Spring Boot ::                (v3.3.5)

2024-11-05T11:27:43.643+05:30 DEBUG 16976 --- [bms] [kground-preinit] o.h.v.i.xml.config.ValidationXmlParser   : Trying to load META-INF/validation.xml for XML based Validator configuration.
2024-11-05T11:27:43.643+05:30 DEBUG 16976 --- [bms] [kground-preinit] o.h.v.i.xml.config.ResourceLoaderHelper  : Trying to load META-INF/validation.xml via TCCL
2024-11-05T11:27:43.643+05:30 DEBUG 16976 --- [bms] [kground-preinit] o.h.v.i.xml.config.ResourceLoaderHelper  : Trying to load META-INF/validation.xml via Hibernate Validator's class loader
2024-11-05T11:27:43.643+05:30 DEBUG 16976 --- [bms] [kground-preinit] o.h.v.i.xml.config.ValidationXmlParser   : No META-INF/validation.xml found. Using annotation based configuration only.
2024-11-05T11:27:43.657+05:30 DEBUG 16976 --- [bms] [kground-preinit] o.h.v.i.e.resolver.TraversableResolvers  : Found jakarta.persistence.Persistence on classpath containing 'getPersistenceUtil'. Assuming JPA 2 environment. Trying to instantiate JPA aware TraversableResolver
2024-11-05T11:27:43.658+05:30 DEBUG 16976 --- [bms] [kground-preinit] o.h.v.i.e.resolver.TraversableResolvers  : Instantiated JPA aware TraversableResolver of type org.hibernate.validator.internal.engine.resolver.JPATraversableResolver.
2024-11-05T11:27:43.674+05:30  INFO 16976 --- [bms] [           main] com.onlinebooking.bms.UserServiceTest    : Starting UserServiceTest using Java 17.0.10 with PID 16976 (started by shipr in C:\Users\shipr\Projects\myproj\bookmyshow)
2024-11-05T11:27:43.675+05:30 DEBUG 16976 --- [bms] [           main] com.onlinebooking.bms.UserServiceTest    : Running with Spring Boot v3.3.5, Spring v6.1.14
2024-11-05T11:27:43.675+05:30  INFO 16976 --- [bms] [           main] com.onlinebooking.bms.UserServiceTest    : No active profile set, falling back to 1 default profile: "default"
2024-11-05T11:27:43.690+05:30 DEBUG 16976 --- [bms] [kground-preinit] .h.v.m.ResourceBundleMessageInterpolator : Loaded expression factory via original TCCL
2024-11-05T11:27:43.735+05:30 DEBUG 16976 --- [bms] [           main] o.s.b.f.s.DefaultListableBeanFactory     : Creating shared instance of singleton bean 'org.springframework.context.annotation.internalConfigurationAnnotationProcessor'
2024-11-05T11:27:43.759+05:30 DEBUG 16976 --- [bms] [           main] o.s.b.f.s.DefaultListableBeanFactory     : Creating shared instance of singleton bean 'org.springframework.boot.autoconfigure.internalCachingMetadataReaderFactory'
2024-11-05T11:27:43.808+05:30 DEBUG 16976 --- [bms] [kground-preinit] .i.e.ValidatorFactoryConfigurationHelper : HV000252: Using org.hibernate.validator.internal.engine.DefaultPropertyNodeNameProvider as property node name provider.
2024-11-05T11:27:43.815+05:30 DEBUG 16976 --- [bms] [kground-preinit] .i.e.ValidatorFactoryConfigurationHelper : HV000234: Using org.hibernate.validator.messageinterpolation.ResourceBundleMessageInterpolator as ValidatorFactory-scoped message interpolator.
2024-11-05T11:27:43.815+05:30 DEBUG 16976 --- [bms] [kground-preinit] .i.e.ValidatorFactoryConfigurationHelper : HV000234: Using org.hibernate.validator.internal.engine.resolver.JPATraversableResolver as ValidatorFactory-scoped traversable resolver.
2024-11-05T11:27:43.815+05:30 DEBUG 16976 --- [bms] [kground-preinit] .i.e.ValidatorFactoryConfigurationHelper : HV000234: Using org.hibernate.validator.internal.util.ExecutableParameterNameProvider as ValidatorFactory-scoped parameter name provider.
2024-11-05T11:27:43.816+05:30 DEBUG 16976 --- [bms] [kground-preinit] .i.e.ValidatorFactoryConfigurationHelper : HV000234: Using org.hibernate.validator.internal.engine.DefaultClockProvider as ValidatorFactory-scoped clock provider.
2024-11-05T11:27:43.816+05:30 DEBUG 16976 --- [bms] [kground-preinit] .i.e.ValidatorFactoryConfigurationHelper : HV000234: Using org.hibernate.validator.internal.engine.scripting.DefaultScriptEvaluatorFactory as ValidatorFactory-scoped script evaluator factory.
2024-11-05T11:27:45.385+05:30  INFO 16976 --- [bms] [           main] .s.d.r.c.RepositoryConfigurationDelegate : Bootstrapping Spring Data JPA repositories in DEFAULT mode.
2024-11-05T11:27:45.400+05:30 DEBUG 16976 --- [bms] [           main] o.s.b.f.s.DefaultListableBeanFactory     : Creating shared instance of singleton bean 'org.springframework.boot.autoconfigure.AutoConfigurationPackages'
2024-11-05T11:27:45.488+05:30  INFO 16976 --- [bms] [           main] .s.d.r.c.RepositoryConfigurationDelegate : Finished Spring Data repository scanning in 95 ms. Found 7 JPA repository interfaces.
2024-11-05T11:27:45.737+05:30 DEBUG 16976 --- [bms] [           main] o.s.b.f.s.DefaultListableBeanFactory     : Creating shared instance of singleton bean 'propertySourcesPlaceholderConfigurer'
2024-11-05T11:27:45.737+05:30 DEBUG 16976 --- [bms] [           main] o.s.b.f.s.DefaultListableBeanFactory     : Creating shared instance of singleton bean 'org.springframework.boot.test.mock.mockito.MockitoPostProcessor'
2024-11-05T11:27:45.737+05:30 DEBUG 16976 --- [bms] [           main] o.s.b.f.s.DefaultListableBeanFactory     : Creating shared instance of singleton bean 'emBeanDefinitionRegistrarPostProcessor'
2024-11-05T11:27:45.737+05:30 DEBUG 16976 --- [bms] [           main] o.s.b.f.s.DefaultListableBeanFactory     : Creating shared instance of singleton bean 'org.springframework.boot.sql.init.dependency.DatabaseInitializationDependencyConfigurer$DependsOnDatabaseInitializationPostProcessor'
2024-11-05T11:27:45.809+05:30 DEBUG 16976 --- [bms] [           main] o.s.b.f.s.DefaultListableBeanFactory     : Creating shared instance of singleton bean 'org.springframework.context.event.internalEventListenerProcessor'
2024-11-05T11:27:45.809+05:30 DEBUG 16976 --- [bms] [           main] o.s.b.f.s.DefaultListableBeanFactory     : Creating shared instance of singleton bean 'preserveErrorControllerTargetClassPostProcessor'
2024-11-05T11:27:45.809+05:30 DEBUG 16976 --- [bms] [           main] o.s.b.f.s.DefaultListableBeanFactory     : Creating shared instance of singleton bean 'org.springframework.context.event.internalEventListenerFactory'
2024-11-05T11:27:45.809+05:30 DEBUG 16976 --- [bms] [           main] o.s.b.f.s.DefaultListableBeanFactory     : Creating shared instance of singleton bean 'org.springframework.transaction.config.internalTransactionalEventListenerFactory'
2024-11-05T11:27:45.825+05:30 DEBUG 16976 --- [bms] [           main] o.s.b.f.s.DefaultListableBeanFactory     : Creating shared instance of singleton bean 'org.springframework.boot.test.mock.mockito.MockitoPostProcessor$SpyPostProcessor'
2024-11-05T11:27:45.825+05:30 DEBUG 16976 --- [bms] [           main] o.s.b.f.s.DefaultListableBeanFactory     : Creating shared instance of singleton bean 'org.springframework.context.annotation.internalAutowiredAnnotationProcessor'
2024-11-05T11:27:45.825+05:30 DEBUG 16976 --- [bms] [           main] o.s.b.f.s.DefaultListableBeanFactory     : Creating shared instance of singleton bean 'org.springframework.context.annotation.internalCommonAnnotationProcessor'
2024-11-05T11:27:45.825+05:30 DEBUG 16976 --- [bms] [           main] o.s.b.f.s.DefaultListableBeanFactory     : Creating shared instance of singleton bean 'org.springframework.context.annotation.internalPersistenceAnnotationProcessor'
2024-11-05T11:27:45.825+05:30 DEBUG 16976 --- [bms] [           main] o.s.b.f.s.DefaultListableBeanFactory     : Creating shared instance of singleton bean 'org.springframework.boot.context.properties.ConfigurationPropertiesBindingPostProcessor'
2024-11-05T11:27:45.825+05:30 DEBUG 16976 --- [bms] [           main] o.s.b.f.s.DefaultListableBeanFactory     : Creating shared instance of singleton bean 'org.springframework.boot.context.internalConfigurationPropertiesBinder'
2024-11-05T11:27:45.841+05:30 DEBUG 16976 --- [bms] [           main] o.s.b.f.s.DefaultListableBeanFactory     : Creating shared instance of singleton bean 'jdbcConnectionDetailsHikariBeanPostProcessor'
2024-11-05T11:27:45.844+05:30 DEBUG 16976 --- [bms] [           main] o.s.b.f.s.DefaultListableBeanFactory     : Creating shared instance of singleton bean 'methodValidationPostProcessor'
2024-11-05T11:27:45.864+05:30 DEBUG 16976 --- [bms] [           main] o.s.b.f.s.DefaultListableBeanFactory     : Autowiring by type from bean name 'methodValidationPostProcessor' via factory method to bean named 'environment'
2024-11-05T11:27:45.865+05:30 DEBUG 16976 --- [bms] [           main] o.s.b.f.s.DefaultListableBeanFactory     : Creating shared instance of singleton bean 'org.springframework.boot.context.properties.EnableConfigurationPropertiesRegistrar.methodValidationExcludeFilter'
2024-11-05T11:27:45.895+05:30 DEBUG 16976 --- [bms] [           main] o.s.b.f.s.DefaultListableBeanFactory     : Creating shared instance of singleton bean 'org.springframework.aop.config.internalAutoProxyCreator'
2024-11-05T11:27:45.924+05:30 DEBUG 16976 --- [bms] [           main] o.s.b.f.s.DefaultListableBeanFactory     : Creating shared instance of singleton bean 'persistenceExceptionTranslationPostProcessor'
2024-11-05T11:27:45.925+05:30 DEBUG 16976 --- [bms] [           main] o.s.b.f.s.DefaultListableBeanFactory     : Autowiring by type from bean name 'persistenceExceptionTranslationPostProcessor' via factory method to bean named 'environment'
2024-11-05T11:27:45.927+05:30 DEBUG 16976 --- [bms] [           main] o.s.b.f.s.DefaultListableBeanFactory     : Creating shared instance of singleton bean 'webServerFactoryCustomizerBeanPostProcessor'
2024-11-05T11:27:45.928+05:30 DEBUG 16976 --- [bms] [           main] o.s.b.f.s.DefaultListableBeanFactory     : Creating shared instance of singleton bean 'errorPageRegistrarBeanPostProcessor'
2024-11-05T11:27:45.928+05:30 DEBUG 16976 --- [bms] [           main] o.s.b.f.s.DefaultListableBeanFactory     : Creating shared instance of singleton bean 'projectingArgumentResolverBeanPostProcessor'
2024-11-05T11:27:45.930+05:30 DEBUG 16976 --- [bms] [           main] o.s.b.f.s.DefaultListableBeanFactory     : Creating shared instance of singleton bean 'org.springframework.transaction.config.internalTransactionAdvisor'
2024-11-05T11:27:45.930+05:30 DEBUG 16976 --- [bms] [           main] o.s.b.f.s.DefaultListableBeanFactory     : Creating shared instance of singleton bean 'org.springframework.transaction.annotation.ProxyTransactionManagementConfiguration'
2024-11-05T11:27:45.944+05:30 DEBUG 16976 --- [bms] [           main] o.s.b.f.s.DefaultListableBeanFactory     : Creating shared instance of singleton bean 'transactionAttributeSource'
2024-11-05T11:27:45.946+05:30 DEBUG 16976 --- [bms] [           main] o.s.b.f.s.DefaultListableBeanFactory     : Creating shared instance of singleton bean 'transactionInterceptor'
2024-11-05T11:27:45.948+05:30 DEBUG 16976 --- [bms] [           main] o.s.b.f.s.DefaultListableBeanFactory     : Autowiring by type from bean name 'transactionInterceptor' via factory method to bean named 'transactionAttributeSource'
2024-11-05T11:27:45.956+05:30 DEBUG 16976 --- [bms] [           main] o.s.b.f.s.DefaultListableBeanFactory     : Autowiring by type from bean name 'org.springframework.transaction.config.internalTransactionAdvisor' via factory method to bean named 'transactionAttributeSource'
2024-11-05T11:27:45.956+05:30 DEBUG 16976 --- [bms] [           main] o.s.b.f.s.DefaultListableBeanFactory     : Autowiring by type from bean name 'org.springframework.transaction.config.internalTransactionAdvisor' via factory method to bean named 'transactionInterceptor'
2024-11-05T11:27:45.993+05:30 DEBUG 16976 --- [bms] [           main] o.s.b.f.s.DefaultListableBeanFactory     : Creating shared instance of singleton bean 'dataSourceScriptDatabaseInitializer'
2024-11-05T11:27:45.994+05:30 DEBUG 16976 --- [bms] [           main] o.s.b.f.s.DefaultListableBeanFactory     : Creating shared instance of singleton bean 'org.springframework.boot.autoconfigure.sql.init.DataSourceInitializationConfiguration'
2024-11-05T11:27:45.995+05:30 DEBUG 16976 --- [bms] [           main] o.s.b.f.s.DefaultListableBeanFactory     : Creating shared instance of singleton bean 'dataSource'
2024-11-05T11:27:45.996+05:30 DEBUG 16976 --- [bms] [           main] o.s.b.f.s.DefaultListableBeanFactory     : Creating shared instance of singleton bean 'org.springframework.boot.autoconfigure.jdbc.DataSourceConfiguration$Hikari'
2024-11-05T11:27:45.997+05:30 DEBUG 16976 --- [bms] [           main] o.s.b.f.s.DefaultListableBeanFactory     : Creating shared instance of singleton bean 'spring.datasource-org.springframework.boot.autoconfigure.jdbc.DataSourceProperties'
2024-11-05T11:27:45.998+05:30 DEBUG 16976 --- [bms] [           main] o.s.b.f.s.DefaultListableBeanFactory     : Creating shared instance of singleton bean 'org.springframework.boot.context.properties.BoundConfigurationProperties'
2024-11-05T11:27:46.007+05:30 DEBUG 16976 --- [bms] [           main] o.s.b.f.s.DefaultListableBeanFactory     : Creating shared instance of singleton bean 'jdbcConnectionDetails'
2024-11-05T11:27:46.007+05:30 DEBUG 16976 --- [bms] [           main] o.s.b.f.s.DefaultListableBeanFactory     : Creating shared instance of singleton bean 'org.springframework.boot.autoconfigure.jdbc.DataSourceAutoConfiguration$PooledDataSourceConfiguration'
2024-11-05T11:27:46.007+05:30 DEBUG 16976 --- [bms] [           main] o.s.b.f.s.DefaultListableBeanFactory     : Autowiring by type from bean name 'jdbcConnectionDetails' via factory method to bean named 'spring.datasource-org.springframework.boot.autoconfigure.jdbc.DataSourceProperties'
2024-11-05T11:27:46.007+05:30 DEBUG 16976 --- [bms] [           main] o.s.b.f.s.DefaultListableBeanFactory     : Autowiring by type from bean name 'dataSource' via factory method to bean named 'spring.datasource-org.springframework.boot.autoconfigure.jdbc.DataSourceProperties'
2024-11-05T11:27:46.007+05:30 DEBUG 16976 --- [bms] [           main] o.s.b.f.s.DefaultListableBeanFactory     : Autowiring by type from bean name 'dataSource' via factory method to bean named 'jdbcConnectionDetails'
2024-11-05T11:27:46.056+05:30 DEBUG 16976 --- [bms] [           main] o.s.b.f.s.DefaultListableBeanFactory     : Creating shared instance of singleton bean 'spring.sql.init-org.springframework.boot.autoconfigure.sql.init.SqlInitializationProperties'
2024-11-05T11:27:46.059+05:30 DEBUG 16976 --- [bms] [           main] o.s.b.f.s.DefaultListableBeanFactory     : Autowiring by type from bean name 'dataSourceScriptDatabaseInitializer' via factory method to bean named 'dataSource'
2024-11-05T11:27:46.060+05:30 DEBUG 16976 --- [bms] [           main] o.s.b.f.s.DefaultListableBeanFactory     : Autowiring by type from bean name 'dataSourceScriptDatabaseInitializer' via factory method to bean named 'spring.sql.init-org.springframework.boot.autoconfigure.sql.init.SqlInitializationProperties'
2024-11-05T11:27:46.066+05:30 DEBUG 16976 --- [bms] [           main] o.s.b.f.s.DefaultListableBeanFactory     : Creating shared instance of singleton bean 'entityManagerFactory'
2024-11-05T11:27:46.067+05:30 DEBUG 16976 --- [bms] [           main] o.s.b.f.s.DefaultListableBeanFactory     : Creating shared instance of singleton bean 'org.springframework.boot.autoconfigure.orm.jpa.HibernateJpaConfiguration'
2024-11-05T11:27:46.069+05:30 DEBUG 16976 --- [bms] [           main] o.s.b.f.s.DefaultListableBeanFactory     : Creating shared instance of singleton bean 'spring.jpa-org.springframework.boot.autoconfigure.orm.jpa.JpaProperties'
2024-11-05T11:27:46.073+05:30 DEBUG 16976 --- [bms] [           main] o.s.b.f.s.DefaultListableBeanFactory     : Creating shared instance of singleton bean 'spring.jpa.hibernate-org.springframework.boot.autoconfigure.orm.jpa.HibernateProperties'
2024-11-05T11:27:46.077+05:30 DEBUG 16976 --- [bms] [           main] o.s.b.f.s.DefaultListableBeanFactory     : Autowiring by type from bean name 'org.springframework.boot.autoconfigure.orm.jpa.HibernateJpaConfiguration' via constructor to bean named 'dataSource'
2024-11-05T11:27:46.077+05:30 DEBUG 16976 --- [bms] [           main] o.s.b.f.s.DefaultListableBeanFactory     : Autowiring by type from bean name 'org.springframework.boot.autoconfigure.orm.jpa.HibernateJpaConfiguration' via constructor to bean named 'spring.jpa-org.springframework.boot.autoconfigure.orm.jpa.JpaProperties'
2024-11-05T11:27:46.077+05:30 DEBUG 16976 --- [bms] [           main] o.s.b.f.s.DefaultListableBeanFactory     : Autowiring by type from bean name 'org.springframework.boot.autoconfigure.orm.jpa.HibernateJpaConfiguration' via constructor to bean named 'org.springframework.beans.factory.support.DefaultListableBeanFactory@5f2afe62'
2024-11-05T11:27:46.077+05:30 DEBUG 16976 --- [bms] [           main] o.s.b.f.s.DefaultListableBeanFactory     : Autowiring by type from bean name 'org.springframework.boot.autoconfigure.orm.jpa.HibernateJpaConfiguration' via constructor to bean named 'spring.jpa.hibernate-org.springframework.boot.autoconfigure.orm.jpa.HibernateProperties'
2024-11-05T11:27:46.088+05:30 DEBUG 16976 --- [bms] [           main] o.s.b.f.s.DefaultListableBeanFactory     : Creating shared instance of singleton bean 'hikariPoolDataSourceMetadataProvider'
2024-11-05T11:27:46.088+05:30 DEBUG 16976 --- [bms] [           main] o.s.b.f.s.DefaultListableBeanFactory     : Creating shared instance of singleton bean 'org.springframework.boot.autoconfigure.jdbc.metadata.DataSourcePoolMetadataProvidersConfiguration$HikariPoolDataSourceMetadataProviderConfiguration'
2024-11-05T11:27:46.091+05:30 DEBUG 16976 --- [bms] [           main] o.s.b.f.s.DefaultListableBeanFactory     : Creating shared instance of singleton bean 'entityManagerFactoryBuilder'
2024-11-05T11:27:46.091+05:30 DEBUG 16976 --- [bms] [           main] o.s.b.f.s.DefaultListableBeanFactory     : Creating shared instance of singleton bean 'jpaVendorAdapter'
2024-11-05T11:27:46.108+05:30 DEBUG 16976 --- [bms] [           main] o.s.b.f.s.DefaultListableBeanFactory     : Autowiring by type from bean name 'entityManagerFactoryBuilder' via factory method to bean named 'jpaVendorAdapter'
2024-11-05T11:27:46.125+05:30 DEBUG 16976 --- [bms] [           main] o.s.b.f.s.DefaultListableBeanFactory     : Creating shared instance of singleton bean 'persistenceManagedTypes'
2024-11-05T11:27:46.125+05:30 DEBUG 16976 --- [bms] [           main] o.s.b.f.s.DefaultListableBeanFactory     : Autowiring by type from bean name 'persistenceManagedTypes' via factory method to bean named 'org.springframework.beans.factory.support.DefaultListableBeanFactory@5f2afe62'
2024-11-05T11:27:46.125+05:30 DEBUG 16976 --- [bms] [           main] o.s.b.f.s.DefaultListableBeanFactory     : Autowiring by type from bean name 'persistenceManagedTypes' via factory method to bean named 'org.springframework.web.context.support.GenericWebApplicationContext@1fe8d51b'
2024-11-05T11:27:46.125+05:30 DEBUG 16976 --- [bms] [           main] o.s.b.f.s.DefaultListableBeanFactory     : Creating shared instance of singleton bean 'org.springframework.boot.autoconfigure.domain.EntityScanPackages'
2024-11-05T11:27:46.125+05:30 DEBUG 16976 --- [bms] [           main] o.s.b.f.s.DefaultListableBeanFactory     : Autowiring by type from bean name 'entityManagerFactory' via factory method to bean named 'entityManagerFactoryBuilder'
2024-11-05T11:27:46.125+05:30 DEBUG 16976 --- [bms] [           main] o.s.b.f.s.DefaultListableBeanFactory     : Autowiring by type from bean name 'entityManagerFactory' via factory method to bean named 'persistenceManagedTypes'
2024-11-05T11:27:46.190+05:30  INFO 16976 --- [bms] [           main] o.hibernate.jpa.internal.util.LogHelper  : HHH000204: Processing PersistenceUnitInfo [name: default]
2024-11-05T11:27:46.308+05:30  INFO 16976 --- [bms] [           main] org.hibernate.Version                    : HHH000412: Hibernate ORM core version 6.2.4.Final
2024-11-05T11:27:46.308+05:30  INFO 16976 --- [bms] [           main] org.hibernate.cfg.Environment            : HHH000406: Using bytecode reflection optimizer
2024-11-05T11:27:46.571+05:30 DEBUG 16976 --- [bms] [           main] org.hibernate.type.BasicTypeRegistry     : Adding type registration boolean -> org.hibernate.type.BasicTypeReference@11f23038
2024-11-05T11:27:46.571+05:30 DEBUG 16976 --- [bms] [           main] org.hibernate.type.BasicTypeRegistry     : Adding type registration boolean -> org.hibernate.type.BasicTypeReference@11f23038
2024-11-05T11:27:46.571+05:30 DEBUG 16976 --- [bms] [           main] org.hibernate.type.BasicTypeRegistry     : Adding type registration java.lang.Boolean -> org.hibernate.type.BasicTypeReference@11f23038
2024-11-05T11:27:46.571+05:30 DEBUG 16976 --- [bms] [           main] org.hibernate.type.BasicTypeRegistry     : Adding type registration numeric_boolean -> org.hibernate.type.BasicTypeReference@de77146
2024-11-05T11:27:46.571+05:30 DEBUG 16976 --- [bms] [           main] org.hibernate.type.BasicTypeRegistry     : Adding type registration org.hibernate.type.NumericBooleanConverter -> org.hibernate.type.BasicTypeReference@de77146
2024-11-05T11:27:46.571+05:30 DEBUG 16976 --- [bms] [           main] org.hibernate.type.BasicTypeRegistry     : Adding type registration true_false -> org.hibernate.type.BasicTypeReference@691567ea
2024-11-05T11:27:46.571+05:30 DEBUG 16976 --- [bms] [           main] org.hibernate.type.BasicTypeRegistry     : Adding type registration org.hibernate.type.TrueFalseConverter -> org.hibernate.type.BasicTypeReference@691567ea
2024-11-05T11:27:46.571+05:30 DEBUG 16976 --- [bms] [           main] org.hibernate.type.BasicTypeRegistry     : Adding type registration yes_no -> org.hibernate.type.BasicTypeReference@5cfed0ba
2024-11-05T11:27:46.571+05:30 DEBUG 16976 --- [bms] [           main] org.hibernate.type.BasicTypeRegistry     : Adding type registration org.hibernate.type.YesNoConverter -> org.hibernate.type.BasicTypeReference@5cfed0ba
2024-11-05T11:27:46.571+05:30 DEBUG 16976 --- [bms] [           main] org.hibernate.type.BasicTypeRegistry     : Adding type registration byte -> org.hibernate.type.BasicTypeReference@5c8d58ed
2024-11-05T11:27:46.571+05:30 DEBUG 16976 --- [bms] [           main] org.hibernate.type.BasicTypeRegistry     : Adding type registration byte -> org.hibernate.type.BasicTypeReference@5c8d58ed
2024-11-05T11:27:46.571+05:30 DEBUG 16976 --- [bms] [           main] org.hibernate.type.BasicTypeRegistry     : Adding type registration java.lang.Byte -> org.hibernate.type.BasicTypeReference@5c8d58ed
2024-11-05T11:27:46.571+05:30 DEBUG 16976 --- [bms] [           main] org.hibernate.type.BasicTypeRegistry     : Adding type registration binary -> org.hibernate.type.BasicTypeReference@6a567f7b
2024-11-05T11:27:46.571+05:30 DEBUG 16976 --- [bms] [           main] org.hibernate.type.BasicTypeRegistry     : Adding type registration byte[] -> org.hibernate.type.BasicTypeReference@6a567f7b
2024-11-05T11:27:46.571+05:30 DEBUG 16976 --- [bms] [           main] org.hibernate.type.BasicTypeRegistry     : Adding type registration [B -> org.hibernate.type.BasicTypeReference@6a567f7b
2024-11-05T11:27:46.571+05:30 DEBUG 16976 --- [bms] [           main] org.hibernate.type.BasicTypeRegistry     : Adding type registration binary_wrapper -> org.hibernate.type.BasicTypeReference@28be7fec
2024-11-05T11:27:46.571+05:30 DEBUG 16976 --- [bms] [           main] org.hibernate.type.BasicTypeRegistry     : Adding type registration wrapper-binary -> org.hibernate.type.BasicTypeReference@28be7fec
2024-11-05T11:27:46.571+05:30 DEBUG 16976 --- [bms] [           main] org.hibernate.type.BasicTypeRegistry     : Adding type registration image -> org.hibernate.type.BasicTypeReference@26f0141
2024-11-05T11:27:46.571+05:30 DEBUG 16976 --- [bms] [           main] org.hibernate.type.BasicTypeRegistry     : Adding type registration blob -> org.hibernate.type.BasicTypeReference@34136bd1
2024-11-05T11:27:46.571+05:30 DEBUG 16976 --- [bms] [           main] org.hibernate.type.BasicTypeRegistry     : Adding type registration java.sql.Blob -> org.hibernate.type.BasicTypeReference@34136bd1
2024-11-05T11:27:46.571+05:30 DEBUG 16976 --- [bms] [           main] org.hibernate.type.BasicTypeRegistry     : Adding type registration materialized_blob -> org.hibernate.type.BasicTypeReference@6de7778f
2024-11-05T11:27:46.571+05:30 DEBUG 16976 --- [bms] [           main] org.hibernate.type.BasicTypeRegistry     : Adding type registration materialized_blob_wrapper -> org.hibernate.type.BasicTypeReference@367d34c0
2024-11-05T11:27:46.571+05:30 DEBUG 16976 --- [bms] [           main] org.hibernate.type.BasicTypeRegistry     : Adding type registration short -> org.hibernate.type.BasicTypeReference@4ce25e47
2024-11-05T11:27:46.571+05:30 DEBUG 16976 --- [bms] [           main] org.hibernate.type.BasicTypeRegistry     : Adding type registration short -> org.hibernate.type.BasicTypeReference@4ce25e47
2024-11-05T11:27:46.571+05:30 DEBUG 16976 --- [bms] [           main] org.hibernate.type.BasicTypeRegistry     : Adding type registration java.lang.Short -> org.hibernate.type.BasicTypeReference@4ce25e47
2024-11-05T11:27:46.571+05:30 DEBUG 16976 --- [bms] [           main] org.hibernate.type.BasicTypeRegistry     : Adding type registration integer -> org.hibernate.type.BasicTypeReference@6380e9e9
2024-11-05T11:27:46.571+05:30 DEBUG 16976 --- [bms] [           main] org.hibernate.type.BasicTypeRegistry     : Adding type registration int -> org.hibernate.type.BasicTypeReference@6380e9e9
2024-11-05T11:27:46.580+05:30 DEBUG 16976 --- [bms] [           main] org.hibernate.type.BasicTypeRegistry     : Adding type registration java.lang.Integer -> org.hibernate.type.BasicTypeReference@6380e9e9
2024-11-05T11:27:46.580+05:30 DEBUG 16976 --- [bms] [           main] org.hibernate.type.BasicTypeRegistry     : Adding type registration long -> org.hibernate.type.BasicTypeReference@350da119
2024-11-05T11:27:46.580+05:30 DEBUG 16976 --- [bms] [           main] org.hibernate.type.BasicTypeRegistry     : Adding type registration long -> org.hibernate.type.BasicTypeReference@350da119
2024-11-05T11:27:46.580+05:30 DEBUG 16976 --- [bms] [           main] org.hibernate.type.BasicTypeRegistry     : Adding type registration java.lang.Long -> org.hibernate.type.BasicTypeReference@350da119
2024-11-05T11:27:46.580+05:30 DEBUG 16976 --- [bms] [           main] org.hibernate.type.BasicTypeRegistry     : Adding type registration float -> org.hibernate.type.BasicTypeReference@6a09484c
2024-11-05T11:27:46.580+05:30 DEBUG 16976 --- [bms] [           main] org.hibernate.type.BasicTypeRegistry     : Adding type registration float -> org.hibernate.type.BasicTypeReference@6a09484c
2024-11-05T11:27:46.580+05:30 DEBUG 16976 --- [bms] [           main] org.hibernate.type.BasicTypeRegistry     : Adding type registration java.lang.Float -> org.hibernate.type.BasicTypeReference@6a09484c
2024-11-05T11:27:46.580+05:30 DEBUG 16976 --- [bms] [           main] org.hibernate.type.BasicTypeRegistry     : Adding type registration double -> org.hibernate.type.BasicTypeReference@34c7232c
2024-11-05T11:27:46.580+05:30 DEBUG 16976 --- [bms] [           main] org.hibernate.type.BasicTypeRegistry     : Adding type registration double -> org.hibernate.type.BasicTypeReference@34c7232c
2024-11-05T11:27:46.580+05:30 DEBUG 16976 --- [bms] [           main] org.hibernate.type.BasicTypeRegistry     : Adding type registration java.lang.Double -> org.hibernate.type.BasicTypeReference@34c7232c
2024-11-05T11:27:46.580+05:30 DEBUG 16976 --- [bms] [           main] org.hibernate.type.BasicTypeRegistry     : Adding type registration big_integer -> org.hibernate.type.BasicTypeReference@50ec4bfc
2024-11-05T11:27:46.580+05:30 DEBUG 16976 --- [bms] [           main] org.hibernate.type.BasicTypeRegistry     : Adding type registration java.math.BigInteger -> org.hibernate.type.BasicTypeReference@50ec4bfc
2024-11-05T11:27:46.580+05:30 DEBUG 16976 --- [bms] [           main] org.hibernate.type.BasicTypeRegistry     : Adding type registration big_decimal -> org.hibernate.type.BasicTypeReference@8b13d91
2024-11-05T11:27:46.580+05:30 DEBUG 16976 --- [bms] [           main] org.hibernate.type.BasicTypeRegistry     : Adding type registration java.math.BigDecimal -> org.hibernate.type.BasicTypeReference@8b13d91
2024-11-05T11:27:46.580+05:30 DEBUG 16976 --- [bms] [           main] org.hibernate.type.BasicTypeRegistry     : Adding type registration character -> org.hibernate.type.BasicTypeReference@285a4fe3
2024-11-05T11:27:46.580+05:30 DEBUG 16976 --- [bms] [           main] org.hibernate.type.BasicTypeRegistry     : Adding type registration char -> org.hibernate.type.BasicTypeReference@285a4fe3
2024-11-05T11:27:46.580+05:30 DEBUG 16976 --- [bms] [           main] org.hibernate.type.BasicTypeRegistry     : Adding type registration java.lang.Character -> org.hibernate.type.BasicTypeReference@285a4fe3
2024-11-05T11:27:46.580+05:30 DEBUG 16976 --- [bms] [           main] org.hibernate.type.BasicTypeRegistry     : Adding type registration character_nchar -> org.hibernate.type.BasicTypeReference@2589d787
2024-11-05T11:27:46.580+05:30 DEBUG 16976 --- [bms] [           main] org.hibernate.type.BasicTypeRegistry     : Adding type registration string -> org.hibernate.type.BasicTypeReference@1788cb61
2024-11-05T11:27:46.580+05:30 DEBUG 16976 --- [bms] [           main] org.hibernate.type.BasicTypeRegistry     : Adding type registration java.lang.String -> org.hibernate.type.BasicTypeReference@1788cb61
2024-11-05T11:27:46.580+05:30 DEBUG 16976 --- [bms] [           main] org.hibernate.type.BasicTypeRegistry     : Adding type registration nstring -> org.hibernate.type.BasicTypeReference@16d431b4
2024-11-05T11:27:46.580+05:30 DEBUG 16976 --- [bms] [           main] org.hibernate.type.BasicTypeRegistry     : Adding type registration characters -> org.hibernate.type.BasicTypeReference@6c0b51da
2024-11-05T11:27:46.580+05:30 DEBUG 16976 --- [bms] [           main] org.hibernate.type.BasicTypeRegistry     : Adding type registration char[] -> org.hibernate.type.BasicTypeReference@6c0b51da
2024-11-05T11:27:46.580+05:30 DEBUG 16976 --- [bms] [           main] org.hibernate.type.BasicTypeRegistry     : Adding type registration [C -> org.hibernate.type.BasicTypeReference@6c0b51da
2024-11-05T11:27:46.580+05:30 DEBUG 16976 --- [bms] [           main] org.hibernate.type.BasicTypeRegistry     : Adding type registration wrapper-characters -> org.hibernate.type.BasicTypeReference@7558633
2024-11-05T11:27:46.580+05:30 DEBUG 16976 --- [bms] [           main] org.hibernate.type.BasicTypeRegistry     : Adding type registration text -> org.hibernate.type.BasicTypeReference@5657967b
2024-11-05T11:27:46.580+05:30 DEBUG 16976 --- [bms] [           main] org.hibernate.type.BasicTypeRegistry     : Adding type registration ntext -> org.hibernate.type.BasicTypeReference@61394494
2024-11-05T11:27:46.580+05:30 DEBUG 16976 --- [bms] [           main] org.hibernate.type.BasicTypeRegistry     : Adding type registration clob -> org.hibernate.type.BasicTypeReference@578a5ce8
2024-11-05T11:27:46.580+05:30 DEBUG 16976 --- [bms] [           main] org.hibernate.type.BasicTypeRegistry     : Adding type registration java.sql.Clob -> org.hibernate.type.BasicTypeReference@578a5ce8
2024-11-05T11:27:46.580+05:30 DEBUG 16976 --- [bms] [           main] org.hibernate.type.BasicTypeRegistry     : Adding type registration nclob -> org.hibernate.type.BasicTypeReference@7c453c34
2024-11-05T11:27:46.580+05:30 DEBUG 16976 --- [bms] [           main] org.hibernate.type.BasicTypeRegistry     : Adding type registration java.sql.NClob -> org.hibernate.type.BasicTypeReference@7c453c34
2024-11-05T11:27:46.580+05:30 DEBUG 16976 --- [bms] [           main] org.hibernate.type.BasicTypeRegistry     : Adding type registration materialized_clob -> org.hibernate.type.BasicTypeReference@16cb9989
2024-11-05T11:27:46.580+05:30 DEBUG 16976 --- [bms] [           main] org.hibernate.type.BasicTypeRegistry     : Adding type registration materialized_clob_char_array -> org.hibernate.type.BasicTypeReference@3dfd6220
2024-11-05T11:27:46.580+05:30 DEBUG 16976 --- [bms] [           main] org.hibernate.type.BasicTypeRegistry     : Adding type registration materialized_clob_character_array -> org.hibernate.type.BasicTypeReference@3815146b
2024-11-05T11:27:46.580+05:30 DEBUG 16976 --- [bms] [           main] org.hibernate.type.BasicTypeRegistry     : Adding type registration materialized_nclob -> org.hibernate.type.BasicTypeReference@6de43bc1
2024-11-05T11:27:46.580+05:30 DEBUG 16976 --- [bms] [           main] org.hibernate.type.BasicTypeRegistry     : Adding type registration materialized_nclob_character_array -> org.hibernate.type.BasicTypeReference@27a9f025
2024-11-05T11:27:46.580+05:30 DEBUG 16976 --- [bms] [           main] org.hibernate.type.BasicTypeRegistry     : Adding type registration materialized_nclob_char_array -> org.hibernate.type.BasicTypeReference@71936a92
2024-11-05T11:27:46.580+05:30 DEBUG 16976 --- [bms] [           main] org.hibernate.type.BasicTypeRegistry     : Adding type registration Duration -> org.hibernate.type.BasicTypeReference@61359e87
2024-11-05T11:27:46.580+05:30 DEBUG 16976 --- [bms] [           main] org.hibernate.type.BasicTypeRegistry     : Adding type registration java.time.Duration -> org.hibernate.type.BasicTypeReference@61359e87
2024-11-05T11:27:46.580+05:30 DEBUG 16976 --- [bms] [           main] org.hibernate.type.BasicTypeRegistry     : Adding type registration LocalDateTime -> org.hibernate.type.BasicTypeReference@2dc39b53
2024-11-05T11:27:46.580+05:30 DEBUG 16976 --- [bms] [           main] org.hibernate.type.BasicTypeRegistry     : Adding type registration java.time.LocalDateTime -> org.hibernate.type.BasicTypeReference@2dc39b53
2024-11-05T11:27:46.580+05:30 DEBUG 16976 --- [bms] [           main] org.hibernate.type.BasicTypeRegistry     : Adding type registration LocalDate -> org.hibernate.type.BasicTypeReference@45037e16
2024-11-05T11:27:46.580+05:30 DEBUG 16976 --- [bms] [           main] org.hibernate.type.BasicTypeRegistry     : Adding type registration java.time.LocalDate -> org.hibernate.type.BasicTypeReference@45037e16
2024-11-05T11:27:46.580+05:30 DEBUG 16976 --- [bms] [           main] org.hibernate.type.BasicTypeRegistry     : Adding type registration LocalTime -> org.hibernate.type.BasicTypeReference@2f2e4bde
2024-11-05T11:27:46.580+05:30 DEBUG 16976 --- [bms] [           main] org.hibernate.type.BasicTypeRegistry     : Adding type registration java.time.LocalTime -> org.hibernate.type.BasicTypeReference@2f2e4bde
2024-11-05T11:27:46.580+05:30 DEBUG 16976 --- [bms] [           main] org.hibernate.type.BasicTypeRegistry     : Adding type registration OffsetDateTime -> org.hibernate.type.BasicTypeReference@6222391a
2024-11-05T11:27:46.580+05:30 DEBUG 16976 --- [bms] [           main] org.hibernate.type.BasicTypeRegistry     : Adding type registration java.time.OffsetDateTime -> org.hibernate.type.BasicTypeReference@6222391a
2024-11-05T11:27:46.580+05:30 DEBUG 16976 --- [bms] [           main] org.hibernate.type.BasicTypeRegistry     : Adding type registration OffsetDateTimeWithTimezone -> org.hibernate.type.BasicTypeReference@538a2f0e
2024-11-05T11:27:46.580+05:30 DEBUG 16976 --- [bms] [           main] org.hibernate.type.BasicTypeRegistry     : Adding type registration OffsetDateTimeWithoutTimezone -> org.hibernate.type.BasicTypeReference@d2708a7
2024-11-05T11:27:46.580+05:30 DEBUG 16976 --- [bms] [           main] org.hibernate.type.BasicTypeRegistry     : Adding type registration OffsetTime -> org.hibernate.type.BasicTypeReference@508ad266
2024-11-05T11:27:46.580+05:30 DEBUG 16976 --- [bms] [           main] org.hibernate.type.BasicTypeRegistry     : Adding type registration java.time.OffsetTime -> org.hibernate.type.BasicTypeReference@508ad266
2024-11-05T11:27:46.580+05:30 DEBUG 16976 --- [bms] [           main] org.hibernate.type.BasicTypeRegistry     : Adding type registration OffsetTimeUtc -> org.hibernate.type.BasicTypeReference@2313db84
2024-11-05T11:27:46.580+05:30 DEBUG 16976 --- [bms] [           main] org.hibernate.type.BasicTypeRegistry     : Adding type registration OffsetTimeWithTimezone -> org.hibernate.type.BasicTypeReference@216372b7
2024-11-05T11:27:46.580+05:30 DEBUG 16976 --- [bms] [           main] org.hibernate.type.BasicTypeRegistry     : Adding type registration OffsetTimeWithoutTimezone -> org.hibernate.type.BasicTypeReference@14b4340c
2024-11-05T11:27:46.580+05:30 DEBUG 16976 --- [bms] [           main] org.hibernate.type.BasicTypeRegistry     : Adding type registration ZonedDateTime -> org.hibernate.type.BasicTypeReference@12abcd1e
2024-11-05T11:27:46.580+05:30 DEBUG 16976 --- [bms] [           main] org.hibernate.type.BasicTypeRegistry     : Adding type registration java.time.ZonedDateTime -> org.hibernate.type.BasicTypeReference@12abcd1e
2024-11-05T11:27:46.580+05:30 DEBUG 16976 --- [bms] [           main] org.hibernate.type.BasicTypeRegistry     : Adding type registration ZonedDateTimeWithTimezone -> org.hibernate.type.BasicTypeReference@2fd9fb34
2024-11-05T11:27:46.580+05:30 DEBUG 16976 --- [bms] [           main] org.hibernate.type.BasicTypeRegistry     : Adding type registration ZonedDateTimeWithoutTimezone -> org.hibernate.type.BasicTypeReference@1595d2b2
2024-11-05T11:27:46.580+05:30 DEBUG 16976 --- [bms] [           main] org.hibernate.type.BasicTypeRegistry     : Adding type registration date -> org.hibernate.type.BasicTypeReference@20349058
2024-11-05T11:27:46.580+05:30 DEBUG 16976 --- [bms] [           main] org.hibernate.type.BasicTypeRegistry     : Adding type registration java.sql.Date -> org.hibernate.type.BasicTypeReference@20349058
2024-11-05T11:27:46.580+05:30 DEBUG 16976 --- [bms] [           main] org.hibernate.type.BasicTypeRegistry     : Adding type registration time -> org.hibernate.type.BasicTypeReference@6cbb7a7d
2024-11-05T11:27:46.580+05:30 DEBUG 16976 --- [bms] [           main] org.hibernate.type.BasicTypeRegistry     : Adding type registration java.sql.Time -> org.hibernate.type.BasicTypeReference@6cbb7a7d
2024-11-05T11:27:46.580+05:30 DEBUG 16976 --- [bms] [           main] org.hibernate.type.BasicTypeRegistry     : Adding type registration timestamp -> org.hibernate.type.BasicTypeReference@cdb3c85
2024-11-05T11:27:46.580+05:30 DEBUG 16976 --- [bms] [           main] org.hibernate.type.BasicTypeRegistry     : Adding type registration java.sql.Timestamp -> org.hibernate.type.BasicTypeReference@cdb3c85
2024-11-05T11:27:46.580+05:30 DEBUG 16976 --- [bms] [           main] org.hibernate.type.BasicTypeRegistry     : Adding type registration java.util.Date -> org.hibernate.type.BasicTypeReference@cdb3c85
2024-11-05T11:27:46.580+05:30 DEBUG 16976 --- [bms] [           main] org.hibernate.type.BasicTypeRegistry     : Adding type registration calendar -> org.hibernate.type.BasicTypeReference@37606fee
2024-11-05T11:27:46.580+05:30 DEBUG 16976 --- [bms] [           main] org.hibernate.type.BasicTypeRegistry     : Adding type registration java.util.Calendar -> org.hibernate.type.BasicTypeReference@37606fee
2024-11-05T11:27:46.580+05:30 DEBUG 16976 --- [bms] [           main] org.hibernate.type.BasicTypeRegistry     : Adding type registration java.util.GregorianCalendar -> org.hibernate.type.BasicTypeReference@37606fee
2024-11-05T11:27:46.580+05:30 DEBUG 16976 --- [bms] [           main] org.hibernate.type.BasicTypeRegistry     : Adding type registration calendar_date -> org.hibernate.type.BasicTypeReference@33d28f0a
2024-11-05T11:27:46.580+05:30 DEBUG 16976 --- [bms] [           main] org.hibernate.type.BasicTypeRegistry     : Adding type registration calendar_time -> org.hibernate.type.BasicTypeReference@48d739f
2024-11-05T11:27:46.580+05:30 DEBUG 16976 --- [bms] [           main] org.hibernate.type.BasicTypeRegistry     : Adding type registration instant -> org.hibernate.type.BasicTypeReference@51e7589f
2024-11-05T11:27:46.580+05:30 DEBUG 16976 --- [bms] [           main] org.hibernate.type.BasicTypeRegistry     : Adding type registration java.time.Instant -> org.hibernate.type.BasicTypeReference@51e7589f
2024-11-05T11:27:46.580+05:30 DEBUG 16976 --- [bms] [           main] org.hibernate.type.BasicTypeRegistry     : Adding type registration uuid -> org.hibernate.type.BasicTypeReference@65cc5252
2024-11-05T11:27:46.580+05:30 DEBUG 16976 --- [bms] [           main] org.hibernate.type.BasicTypeRegistry     : Adding type registration java.util.UUID -> org.hibernate.type.BasicTypeReference@65cc5252
2024-11-05T11:27:46.580+05:30 DEBUG 16976 --- [bms] [           main] org.hibernate.type.BasicTypeRegistry     : Adding type registration pg-uuid -> org.hibernate.type.BasicTypeReference@65cc5252
2024-11-05T11:27:46.580+05:30 DEBUG 16976 --- [bms] [           main] org.hibernate.type.BasicTypeRegistry     : Adding type registration uuid-binary -> org.hibernate.type.BasicTypeReference@42c12b3e
2024-11-05T11:27:46.580+05:30 DEBUG 16976 --- [bms] [           main] org.hibernate.type.BasicTypeRegistry     : Adding type registration uuid-char -> org.hibernate.type.BasicTypeReference@2dbfa972
2024-11-05T11:27:46.580+05:30 DEBUG 16976 --- [bms] [           main] org.hibernate.type.BasicTypeRegistry     : Adding type registration class -> org.hibernate.type.BasicTypeReference@46f73ffa
2024-11-05T11:27:46.580+05:30 DEBUG 16976 --- [bms] [           main] org.hibernate.type.BasicTypeRegistry     : Adding type registration java.lang.Class -> org.hibernate.type.BasicTypeReference@46f73ffa
2024-11-05T11:27:46.580+05:30 DEBUG 16976 --- [bms] [           main] org.hibernate.type.BasicTypeRegistry     : Adding type registration currency -> org.hibernate.type.BasicTypeReference@41aebbb4
2024-11-05T11:27:46.587+05:30 DEBUG 16976 --- [bms] [           main] org.hibernate.type.BasicTypeRegistry     : Adding type registration Currency -> org.hibernate.type.BasicTypeReference@41aebbb4
2024-11-05T11:27:46.587+05:30 DEBUG 16976 --- [bms] [           main] org.hibernate.type.BasicTypeRegistry     : Adding type registration java.util.Currency -> org.hibernate.type.BasicTypeReference@41aebbb4
2024-11-05T11:27:46.587+05:30 DEBUG 16976 --- [bms] [           main] org.hibernate.type.BasicTypeRegistry     : Adding type registration locale -> org.hibernate.type.BasicTypeReference@afde064
2024-11-05T11:27:46.587+05:30 DEBUG 16976 --- [bms] [           main] org.hibernate.type.BasicTypeRegistry     : Adding type registration java.util.Locale -> org.hibernate.type.BasicTypeReference@afde064
2024-11-05T11:27:46.587+05:30 DEBUG 16976 --- [bms] [           main] org.hibernate.type.BasicTypeRegistry     : Adding type registration serializable -> org.hibernate.type.BasicTypeReference@5a592c70
2024-11-05T11:27:46.587+05:30 DEBUG 16976 --- [bms] [           main] org.hibernate.type.BasicTypeRegistry     : Adding type registration java.io.Serializable -> org.hibernate.type.BasicTypeReference@5a592c70
2024-11-05T11:27:46.587+05:30 DEBUG 16976 --- [bms] [           main] org.hibernate.type.BasicTypeRegistry     : Adding type registration timezone -> org.hibernate.type.BasicTypeReference@252ec02e
2024-11-05T11:27:46.587+05:30 DEBUG 16976 --- [bms] [           main] org.hibernate.type.BasicTypeRegistry     : Adding type registration java.util.TimeZone -> org.hibernate.type.BasicTypeReference@252ec02e
2024-11-05T11:27:46.587+05:30 DEBUG 16976 --- [bms] [           main] org.hibernate.type.BasicTypeRegistry     : Adding type registration ZoneOffset -> org.hibernate.type.BasicTypeReference@11e9ac24
2024-11-05T11:27:46.587+05:30 DEBUG 16976 --- [bms] [           main] org.hibernate.type.BasicTypeRegistry     : Adding type registration java.time.ZoneOffset -> org.hibernate.type.BasicTypeReference@11e9ac24
2024-11-05T11:27:46.587+05:30 DEBUG 16976 --- [bms] [           main] org.hibernate.type.BasicTypeRegistry     : Adding type registration url -> org.hibernate.type.BasicTypeReference@74f280bd
2024-11-05T11:27:46.587+05:30 DEBUG 16976 --- [bms] [           main] org.hibernate.type.BasicTypeRegistry     : Adding type registration java.net.URL -> org.hibernate.type.BasicTypeReference@74f280bd
2024-11-05T11:27:46.587+05:30 DEBUG 16976 --- [bms] [           main] org.hibernate.type.BasicTypeRegistry     : Adding type registration row_version -> org.hibernate.type.BasicTypeReference@675b18ff
2024-11-05T11:27:46.603+05:30 DEBUG 16976 --- [bms] [           main] org.hibernate.type.BasicTypeRegistry     : Adding type registration object -> org.hibernate.type.JavaObjectType@486bd064
2024-11-05T11:27:46.603+05:30 DEBUG 16976 --- [bms] [           main] org.hibernate.type.BasicTypeRegistry     : Adding type registration java.lang.Object -> org.hibernate.type.JavaObjectType@486bd064
2024-11-05T11:27:46.603+05:30 DEBUG 16976 --- [bms] [           main] org.hibernate.type.BasicTypeRegistry     : Adding type registration null -> org.hibernate.type.NullType@6075b369
2024-11-05T11:27:46.603+05:30 DEBUG 16976 --- [bms] [           main] org.hibernate.type.BasicTypeRegistry     : Adding type registration imm_date -> org.hibernate.type.BasicTypeReference@231cdda8
2024-11-05T11:27:46.603+05:30 DEBUG 16976 --- [bms] [           main] org.hibernate.type.BasicTypeRegistry     : Adding type registration imm_time -> org.hibernate.type.BasicTypeReference@6b70d1fb
2024-11-05T11:27:46.603+05:30 DEBUG 16976 --- [bms] [           main] org.hibernate.type.BasicTypeRegistry     : Adding type registration imm_timestamp -> org.hibernate.type.BasicTypeReference@3002e397
2024-11-05T11:27:46.603+05:30 DEBUG 16976 --- [bms] [           main] org.hibernate.type.BasicTypeRegistry     : Adding type registration imm_calendar -> org.hibernate.type.BasicTypeReference@7da1e005
2024-11-05T11:27:46.603+05:30 DEBUG 16976 --- [bms] [           main] org.hibernate.type.BasicTypeRegistry     : Adding type registration imm_calendar_date -> org.hibernate.type.BasicTypeReference@38159384
2024-11-05T11:27:46.603+05:30 DEBUG 16976 --- [bms] [           main] org.hibernate.type.BasicTypeRegistry     : Adding type registration imm_calendar_time -> org.hibernate.type.BasicTypeReference@55877274
2024-11-05T11:27:46.603+05:30 DEBUG 16976 --- [bms] [           main] org.hibernate.type.BasicTypeRegistry     : Adding type registration imm_binary -> org.hibernate.type.BasicTypeReference@723e2d08
2024-11-05T11:27:46.603+05:30 DEBUG 16976 --- [bms] [           main] org.hibernate.type.BasicTypeRegistry     : Adding type registration imm_serializable -> org.hibernate.type.BasicTypeReference@6d4a82
2024-11-05T11:27:46.667+05:30  INFO 16976 --- [bms] [           main] o.h.b.i.BytecodeProviderInitiator        : HHH000021: Bytecode provider name : bytebuddy
2024-11-05T11:27:46.861+05:30  INFO 16976 --- [bms] [           main] o.s.o.j.p.SpringPersistenceUnitInfo      : No LoadTimeWeaver setup: ignoring JPA class transformer
2024-11-05T11:27:46.880+05:30  INFO 16976 --- [bms] [           main] com.zaxxer.hikari.HikariDataSource       : HikariPool-1 - Starting...
2024-11-05T11:27:47.110+05:30  INFO 16976 --- [bms] [           main] com.zaxxer.hikari.pool.HikariPool        : HikariPool-1 - Added connection com.mysql.cj.jdbc.ConnectionImpl@33ebe4f0
2024-11-05T11:27:47.110+05:30  INFO 16976 --- [bms] [           main] com.zaxxer.hikari.HikariDataSource       : HikariPool-1 - Start completed.
2024-11-05T11:27:47.236+05:30 DEBUG 16976 --- [bms] [           main] o.h.t.d.sql.spi.DdlTypeRegistry          : addDescriptor(12, org.hibernate.type.descriptor.sql.internal.CapacityDependentDdlType@1f0e2bdc) replaced previous registration(org.hibernate.type.descriptor.sql.internal.CapacityDependentDdlType@682266d8)
2024-11-05T11:27:47.236+05:30 DEBUG 16976 --- [bms] [           main] o.h.t.d.sql.spi.DdlTypeRegistry          : addDescriptor(-9, org.hibernate.type.descriptor.sql.internal.CapacityDependentDdlType@44a93f8a) replaced previous registration(org.hibernate.type.descriptor.sql.internal.CapacityDependentDdlType@26463a6)
2024-11-05T11:27:47.236+05:30 DEBUG 16976 --- [bms] [           main] o.h.t.d.sql.spi.DdlTypeRegistry          : addDescriptor(-3, org.hibernate.type.descriptor.sql.internal.CapacityDependentDdlType@6c5ae8fd) replaced previous registration(org.hibernate.type.descriptor.sql.internal.CapacityDependentDdlType@17354708)
2024-11-05T11:27:47.236+05:30 DEBUG 16976 --- [bms] [           main] o.h.t.d.sql.spi.DdlTypeRegistry          : addDescriptor(4003, org.hibernate.type.descriptor.sql.internal.DdlTypeImpl@1aed6f0b) replaced previous registration(org.hibernate.type.descriptor.sql.internal.DdlTypeImpl@3b3546a3)
2024-11-05T11:27:47.252+05:30 DEBUG 16976 --- [bms] [           main] o.h.t.d.sql.spi.DdlTypeRegistry          : addDescriptor(4001, org.hibernate.type.descriptor.sql.internal.DdlTypeImpl@134c38) replaced previous registration(org.hibernate.type.descriptor.sql.internal.DdlTypeImpl@3d235635)
2024-11-05T11:27:47.252+05:30 DEBUG 16976 --- [bms] [           main] o.h.t.d.sql.spi.DdlTypeRegistry          : addDescriptor(4002, org.hibernate.type.descriptor.sql.internal.DdlTypeImpl@4cc7e3ad) replaced previous registration(org.hibernate.type.descriptor.sql.internal.DdlTypeImpl@5dd6a4c8)
2024-11-05T11:27:47.252+05:30 DEBUG 16976 --- [bms] [           main] o.h.t.d.sql.spi.DdlTypeRegistry          : addDescriptor(2004, org.hibernate.type.descriptor.sql.internal.CapacityDependentDdlType@47be41c6) replaced previous registration(org.hibernate.type.descriptor.sql.internal.DdlTypeImpl@608b35fa)
2024-11-05T11:27:47.252+05:30 DEBUG 16976 --- [bms] [           main] o.h.t.d.sql.spi.DdlTypeRegistry          : addDescriptor(2005, org.hibernate.type.descriptor.sql.internal.CapacityDependentDdlType@13a268cd) replaced previous registration(org.hibernate.type.descriptor.sql.internal.DdlTypeImpl@7b3a6e95)
2024-11-05T11:27:47.252+05:30 DEBUG 16976 --- [bms] [           main] o.h.t.d.sql.spi.DdlTypeRegistry          : addDescriptor(2011, org.hibernate.type.descriptor.sql.internal.CapacityDependentDdlType@4ebfb045) replaced previous registration(org.hibernate.type.descriptor.sql.internal.DdlTypeImpl@77a2688d)
2024-11-05T11:27:47.252+05:30 DEBUG 16976 --- [bms] [           main] o.h.t.d.jdbc.spi.JdbcTypeRegistry        : addDescriptor(NCharTypeDescriptor) replaced previous registration(CharTypeDescriptor)
2024-11-05T11:27:47.252+05:30 DEBUG 16976 --- [bms] [           main] o.h.t.d.jdbc.spi.JdbcTypeRegistry        : addDescriptor(NVarcharTypeDescriptor) replaced previous registration(VarcharTypeDescriptor)
2024-11-05T11:27:47.252+05:30 DEBUG 16976 --- [bms] [           main] o.h.t.d.jdbc.spi.JdbcTypeRegistry        : addDescriptor(LongNVarcharTypeDescriptor) replaced previous registration(LongVarcharTypeDescriptor)
2024-11-05T11:27:47.252+05:30 DEBUG 16976 --- [bms] [           main] o.h.t.d.jdbc.spi.JdbcTypeRegistry        : addDescriptor(NClobTypeDescriptor(DEFAULT)) replaced previous registration(ClobTypeDescriptor(DEFAULT))
2024-11-05T11:27:47.252+05:30 DEBUG 16976 --- [bms] [           main] o.h.t.d.jdbc.spi.JdbcTypeRegistry        : addDescriptor(2005, ClobTypeDescriptor(STREAM_BINDING)) replaced previous registration(ClobTypeDescriptor(DEFAULT))
2024-11-05T11:27:47.252+05:30 DEBUG 16976 --- [bms] [           main] org.hibernate.type.BasicTypeRegistry     : Adding type registration null -> org.hibernate.type.NullType@5871a482
2024-11-05T11:27:47.252+05:30 DEBUG 16976 --- [bms] [           main] org.hibernate.type.BasicTypeRegistry     : Type registration key [null] overrode previous entry : `org.hibernate.type.NullType@6075b369`
2024-11-05T11:27:47.275+05:30 DEBUG 16976 --- [bms] [           main] org.hibernate.type.BasicTypeRegistry     : Adding type registration org.hibernate.type.OffsetDateTimeType -> basicType@1(java.time.OffsetDateTime,3003)
2024-11-05T11:27:47.276+05:30 DEBUG 16976 --- [bms] [           main] org.hibernate.type.BasicTypeRegistry     : Adding type registration OffsetDateTime -> basicType@1(java.time.OffsetDateTime,3003)
2024-11-05T11:27:47.276+05:30 DEBUG 16976 --- [bms] [           main] org.hibernate.type.BasicTypeRegistry     : Adding type registration java.time.OffsetDateTime -> basicType@1(java.time.OffsetDateTime,3003)
2024-11-05T11:27:47.277+05:30 DEBUG 16976 --- [bms] [           main] org.hibernate.type.BasicTypeRegistry     : Adding type registration org.hibernate.type.ZonedDateTimeType -> basicType@2(java.time.ZonedDateTime,3003)
2024-11-05T11:27:47.277+05:30 DEBUG 16976 --- [bms] [           main] org.hibernate.type.BasicTypeRegistry     : Adding type registration ZonedDateTime -> basicType@2(java.time.ZonedDateTime,3003)
2024-11-05T11:27:47.277+05:30 DEBUG 16976 --- [bms] [           main] org.hibernate.type.BasicTypeRegistry     : Adding type registration java.time.ZonedDateTime -> basicType@2(java.time.ZonedDateTime,3003)
2024-11-05T11:27:47.277+05:30 DEBUG 16976 --- [bms] [           main] org.hibernate.type.BasicTypeRegistry     : Adding type registration org.hibernate.type.OffsetTimeType -> basicType@3(java.time.OffsetTime,3007)
2024-11-05T11:27:47.281+05:30 DEBUG 16976 --- [bms] [           main] org.hibernate.type.BasicTypeRegistry     : Adding type registration OffsetTime -> basicType@3(java.time.OffsetTime,3007)
2024-11-05T11:27:47.281+05:30 DEBUG 16976 --- [bms] [           main] org.hibernate.type.BasicTypeRegistry     : Adding type registration java.time.OffsetTime -> basicType@3(java.time.OffsetTime,3007)
2024-11-05T11:27:47.281+05:30 DEBUG 16976 --- [bms] [           main] o.h.type.spi.TypeConfiguration$Scope     : Scoping TypeConfiguration [org.hibernate.type.spi.TypeConfiguration@779228dc] to MetadataBuildingContext [org.hibernate.boot.internal.MetadataBuildingContextRootImpl@1f7336b2]
2024-11-05T11:27:47.601+05:30  INFO 16976 --- [bms] [           main] o.h.b.i.BytecodeProviderInitiator        : HHH000021: Bytecode provider name : bytebuddy
2024-11-05T11:27:47.649+05:30 DEBUG 16976 --- [bms] [           main] o.s.b.f.wiring.BeanConfigurerSupport     : BeanFactory has not been set on BeanConfigurerSupport: Make sure this configurer runs in a Spring container. Unable to configure bean of type [org.springframework.data.jpa.domain.support.AuditingEntityListener]. Proceeding without injection.
2024-11-05T11:27:47.697+05:30 DEBUG 16976 --- [bms] [           main] o.h.v.i.xml.config.ValidationXmlParser   : Trying to load META-INF/validation.xml for XML based Validator configuration.
2024-11-05T11:27:47.697+05:30 DEBUG 16976 --- [bms] [           main] o.h.v.i.xml.config.ResourceLoaderHelper  : Trying to load META-INF/validation.xml via TCCL
2024-11-05T11:27:47.697+05:30 DEBUG 16976 --- [bms] [           main] o.h.v.i.xml.config.ResourceLoaderHelper  : Trying to load META-INF/validation.xml via Hibernate Validator's class loader
2024-11-05T11:27:47.697+05:30 DEBUG 16976 --- [bms] [           main] o.h.v.i.xml.config.ValidationXmlParser   : No META-INF/validation.xml found. Using annotation based configuration only.
2024-11-05T11:27:47.697+05:30 DEBUG 16976 --- [bms] [           main] o.h.v.i.e.resolver.TraversableResolvers  : Found jakarta.persistence.Persistence on classpath containing 'getPersistenceUtil'. Assuming JPA 2 environment. Trying to instantiate JPA aware TraversableResolver
2024-11-05T11:27:47.697+05:30 DEBUG 16976 --- [bms] [           main] o.h.v.i.e.resolver.TraversableResolvers  : Instantiated JPA aware TraversableResolver of type org.hibernate.validator.internal.engine.resolver.JPATraversableResolver.
2024-11-05T11:27:47.697+05:30 DEBUG 16976 --- [bms] [           main] .h.v.m.ResourceBundleMessageInterpolator : Loaded expression factory via original TCCL
2024-11-05T11:27:47.697+05:30 DEBUG 16976 --- [bms] [           main] .i.e.ValidatorFactoryConfigurationHelper : HV000252: Using org.hibernate.validator.internal.engine.DefaultPropertyNodeNameProvider as property node name provider.
2024-11-05T11:27:47.697+05:30 DEBUG 16976 --- [bms] [           main] .i.e.ValidatorFactoryConfigurationHelper : HV000234: Using org.hibernate.validator.messageinterpolation.ResourceBundleMessageInterpolator as ValidatorFactory-scoped message interpolator.
2024-11-05T11:27:47.697+05:30 DEBUG 16976 --- [bms] [           main] .i.e.ValidatorFactoryConfigurationHelper : HV000234: Using org.hibernate.validator.internal.engine.resolver.JPATraversableResolver as ValidatorFactory-scoped traversable resolver.
2024-11-05T11:27:47.697+05:30 DEBUG 16976 --- [bms] [           main] .i.e.ValidatorFactoryConfigurationHelper : HV000234: Using org.hibernate.validator.internal.util.ExecutableParameterNameProvider as ValidatorFactory-scoped parameter name provider.
2024-11-05T11:27:47.697+05:30 DEBUG 16976 --- [bms] [           main] .i.e.ValidatorFactoryConfigurationHelper : HV000234: Using org.hibernate.validator.internal.engine.DefaultClockProvider as ValidatorFactory-scoped clock provider.
2024-11-05T11:27:47.697+05:30 DEBUG 16976 --- [bms] [           main] .i.e.ValidatorFactoryConfigurationHelper : HV000234: Using org.hibernate.validator.internal.engine.scripting.DefaultScriptEvaluatorFactory as ValidatorFactory-scoped script evaluator factory.
2024-11-05T11:27:48.509+05:30  INFO 16976 --- [bms] [           main] o.h.e.t.j.p.i.JtaPlatformInitiator       : HHH000490: Using JtaPlatform implementation: [org.hibernate.engine.transaction.jta.platform.internal.NoJtaPlatform]
2024-11-05T11:27:48.509+05:30 DEBUG 16976 --- [bms] [           main] o.h.type.spi.TypeConfiguration$Scope     : Scoping TypeConfiguration [org.hibernate.type.spi.TypeConfiguration@779228dc] to SessionFactoryImplementor [org.hibernate.internal.SessionFactoryImpl@7c8a91e2]
2024-11-05T11:27:48.612+05:30 DEBUG 16976 --- [bms] [           main] org.hibernate.SQL                        : alter table movies modify column certificate_type  enum ('A','U','UA') not null
Hibernate: alter table movies modify column certificate_type  enum ('A','U','UA') not null
2024-11-05T11:27:48.744+05:30 DEBUG 16976 --- [bms] [           main] org.hibernate.SQL                        : alter table movies modify column language  enum ('ENGLISH','HINDI') not null
Hibernate: alter table movies modify column language  enum ('ENGLISH','HINDI') not null
2024-11-05T11:27:48.768+05:30 DEBUG 16976 --- [bms] [           main] org.hibernate.SQL                        : alter table show_seats modify column booked_at  datetime(6)
Hibernate: alter table show_seats modify column booked_at  datetime(6)
2024-11-05T11:27:48.784+05:30 DEBUG 16976 --- [bms] [           main] org.hibernate.SQL                        : alter table show_seats modify column seat_type  enum ('CLASSIC','PREMIUM') not null
Hibernate: alter table show_seats modify column seat_type  enum ('CLASSIC','PREMIUM') not null
2024-11-05T11:27:48.795+05:30 DEBUG 16976 --- [bms] [           main] org.hibernate.SQL                        : alter table shows modify column created_at  datetime(6)
Hibernate: alter table shows modify column created_at  datetime(6)
2024-11-05T11:27:48.811+05:30 DEBUG 16976 --- [bms] [           main] org.hibernate.SQL                        : alter table shows modify column rate_multiplier  float(2,1) default 1.0 not null
Hibernate: alter table shows modify column rate_multiplier  float(2,1) default 1.0 not null
2024-11-05T11:27:48.845+05:30 DEBUG 16976 --- [bms] [           main] org.hibernate.SQL                        : alter table shows modify column show_time  TIME not null
Hibernate: alter table shows modify column show_time  TIME not null
2024-11-05T11:27:48.866+05:30 DEBUG 16976 --- [bms] [           main] org.hibernate.SQL                        : alter table shows modify column updated_at  datetime(6)
Hibernate: alter table shows modify column updated_at  datetime(6)
2024-11-05T11:27:48.885+05:30 DEBUG 16976 --- [bms] [           main] org.hibernate.SQL                        : alter table theater_seats modify column seat_type  enum ('CLASSIC','PREMIUM') not null
Hibernate: alter table theater_seats modify column seat_type  enum ('CLASSIC','PREMIUM') not null
2024-11-05T11:27:48.894+05:30 DEBUG 16976 --- [bms] [           main] org.hibernate.SQL                        : alter table theaters modify column type  enum ('MULTIPLEX','SINGLE_SCREEN') not null
Hibernate: alter table theaters modify column type  enum ('MULTIPLEX','SINGLE_SCREEN') not null
2024-11-05T11:27:48.909+05:30 DEBUG 16976 --- [bms] [           main] org.hibernate.SQL                        : alter table tickets modify column amount  float(53) not null
Hibernate: alter table tickets modify column amount  float(53) not null
2024-11-05T11:27:48.911+05:30 DEBUG 16976 --- [bms] [           main] org.hibernate.SQL                        : alter table tickets modify column booked_at  datetime(6) not null
Hibernate: alter table tickets modify column booked_at  datetime(6) not null
2024-11-05T11:27:49.011+05:30  INFO 16976 --- [bms] [           main] j.LocalContainerEntityManagerFactoryBean : Initialized JPA EntityManagerFactory for persistence unit 'default'
2024-11-05T11:27:49.011+05:30 DEBUG 16976 --- [bms] [           main] o.s.b.f.s.DefaultListableBeanFactory     : Creating shared instance of singleton bean 'bookMyShowApplication'
2024-11-05T11:27:49.011+05:30 DEBUG 16976 --- [bms] [           main] o.s.b.f.s.DefaultListableBeanFactory     : Creating shared instance of singleton bean 'bookingMyShowConfig'
2024-11-05T11:27:49.011+05:30 DEBUG 16976 --- [bms] [           main] o.s.b.f.s.DefaultListableBeanFactory     : Creating shared instance of singleton bean 'exceptionInterceptor'
2024-11-05T11:27:49.067+05:30 DEBUG 16976 --- [bms] [           main] o.s.b.f.s.DefaultListableBeanFactory     : Creating shared instance of singleton bean 'swaggerConfig'
2024-11-05T11:27:49.068+05:30 DEBUG 16976 --- [bms] [           main] o.s.b.f.s.DefaultListableBeanFactory     : Creating shared instance of singleton bean 'dataPopulator'
2024-11-05T11:27:49.071+05:30 DEBUG 16976 --- [bms] [           main] o.s.b.f.s.DefaultListableBeanFactory     : Creating shared instance of singleton bean 'userRepository'
2024-11-05T11:27:49.078+05:30 DEBUG 16976 --- [bms] [           main] o.s.b.f.s.DefaultListableBeanFactory     : Creating shared instance of singleton bean 'jpa.named-queries#6'
2024-11-05T11:27:49.082+05:30 DEBUG 16976 --- [bms] [           main] o.s.b.f.s.DefaultListableBeanFactory     : Creating shared instance of singleton bean 'jpa.UserRepository.fragments#0'
2024-11-05T11:27:49.087+05:30 DEBUG 16976 --- [bms] [           main] o.s.b.f.s.DefaultListableBeanFactory     : Creating shared instance of singleton bean 'jpaSharedEM_entityManagerFactory'
2024-11-05T11:27:49.111+05:30 DEBUG 16976 --- [bms] [           main] o.s.b.f.s.DefaultListableBeanFactory     : Creating shared instance of singleton bean 'jpaMappingContext'
2024-11-05T11:27:49.533+05:30 DEBUG 16976 --- [bms] [           main] o.s.b.f.s.DefaultListableBeanFactory     : Creating shared instance of singleton bean 'showRepository'
2024-11-05T11:27:49.533+05:30 DEBUG 16976 --- [bms] [           main] o.s.b.f.s.DefaultListableBeanFactory     : Creating shared instance of singleton bean 'jpa.named-queries#4'
2024-11-05T11:27:49.533+05:30 DEBUG 16976 --- [bms] [           main] o.s.b.f.s.DefaultListableBeanFactory     : Creating shared instance of singleton bean 'jpa.ShowRepository.fragments#0'
2024-11-05T11:27:49.533+05:30 DEBUG 16976 --- [bms] [           main] o.s.b.f.s.DefaultListableBeanFactory     : Creating shared instance of singleton bean 'movieRepository'
2024-11-05T11:27:49.549+05:30 DEBUG 16976 --- [bms] [           main] o.s.b.f.s.DefaultListableBeanFactory     : Creating shared instance of singleton bean 'jpa.named-queries#1'
2024-11-05T11:27:49.549+05:30 DEBUG 16976 --- [bms] [           main] o.s.b.f.s.DefaultListableBeanFactory     : Creating shared instance of singleton bean 'jpa.MovieRepository.fragments#0'
2024-11-05T11:27:49.565+05:30 DEBUG 16976 --- [bms] [           main] o.s.b.f.s.DefaultListableBeanFactory     : Creating shared instance of singleton bean 'ticketRepository'
2024-11-05T11:27:49.565+05:30 DEBUG 16976 --- [bms] [           main] o.s.b.f.s.DefaultListableBeanFactory     : Creating shared instance of singleton bean 'jpa.named-queries#3'
2024-11-05T11:27:49.565+05:30 DEBUG 16976 --- [bms] [           main] o.s.b.f.s.DefaultListableBeanFactory     : Creating shared instance of singleton bean 'jpa.TicketRepository.fragments#0'
2024-11-05T11:27:49.565+05:30 DEBUG 16976 --- [bms] [           main] o.s.b.f.s.DefaultListableBeanFactory     : Creating shared instance of singleton bean 'theaterRepository'
2024-11-05T11:27:49.565+05:30 DEBUG 16976 --- [bms] [           main] o.s.b.f.s.DefaultListableBeanFactory     : Creating shared instance of singleton bean 'jpa.named-queries#2'
2024-11-05T11:27:49.565+05:30 DEBUG 16976 --- [bms] [           main] o.s.b.f.s.DefaultListableBeanFactory     : Creating shared instance of singleton bean 'jpa.TheaterRepository.fragments#0'
2024-11-05T11:27:49.582+05:30 DEBUG 16976 --- [bms] [           main] o.s.b.f.s.DefaultListableBeanFactory     : Creating shared instance of singleton bean 'showSeatsRepository'
2024-11-05T11:27:49.582+05:30 DEBUG 16976 --- [bms] [           main] o.s.b.f.s.DefaultListableBeanFactory     : Creating shared instance of singleton bean 'jpa.named-queries#5'
2024-11-05T11:27:49.582+05:30 DEBUG 16976 --- [bms] [           main] o.s.b.f.s.DefaultListableBeanFactory     : Creating shared instance of singleton bean 'jpa.ShowSeatsRepository.fragments#0'
2024-11-05T11:27:49.582+05:30 DEBUG 16976 --- [bms] [           main] o.s.b.f.s.DefaultListableBeanFactory     : Creating shared instance of singleton bean 'theaterSeatsRepository'
2024-11-05T11:27:49.582+05:30 DEBUG 16976 --- [bms] [           main] o.s.b.f.s.DefaultListableBeanFactory     : Creating shared instance of singleton bean 'jpa.named-queries#0'
2024-11-05T11:27:49.582+05:30 DEBUG 16976 --- [bms] [           main] o.s.b.f.s.DefaultListableBeanFactory     : Creating shared instance of singleton bean 'jpa.TheaterSeatsRepository.fragments#0'
2024-11-05T11:27:49.612+05:30 DEBUG 16976 --- [bms] [           main] o.s.b.f.s.DefaultListableBeanFactory     : Creating shared instance of singleton bean 'movieController'
2024-11-05T11:27:49.612+05:30 DEBUG 16976 --- [bms] [           main] o.s.b.f.s.DefaultListableBeanFactory     : Creating shared instance of singleton bean 'movieServiceImpl'
2024-11-05T11:27:49.628+05:30 DEBUG 16976 --- [bms] [           main] o.s.b.f.s.DefaultListableBeanFactory     : Creating shared instance of singleton bean 'showController'
2024-11-05T11:27:49.628+05:30 DEBUG 16976 --- [bms] [           main] o.s.b.f.s.DefaultListableBeanFactory     : Creating shared instance of singleton bean 'showServiceImpl'
2024-11-05T11:27:49.645+05:30 DEBUG 16976 --- [bms] [           main] o.s.b.f.s.DefaultListableBeanFactory     : Creating shared instance of singleton bean 'theaterController'
2024-11-05T11:27:49.645+05:30 DEBUG 16976 --- [bms] [           main] o.s.b.f.s.DefaultListableBeanFactory     : Creating shared instance of singleton bean 'theaterServiceImpl'
2024-11-05T11:27:49.645+05:30 DEBUG 16976 --- [bms] [           main] o.s.b.f.s.DefaultListableBeanFactory     : Creating shared instance of singleton bean 'ticketController'
2024-11-05T11:27:49.657+05:30 DEBUG 16976 --- [bms] [           main] o.s.b.f.s.DefaultListableBeanFactory     : Creating shared instance of singleton bean 'ticketServiceImpl'
2024-11-05T11:27:49.657+05:30 DEBUG 16976 --- [bms] [           main] o.s.b.f.s.DefaultListableBeanFactory     : Creating shared instance of singleton bean 'userController'
2024-11-05T11:27:49.657+05:30 DEBUG 16976 --- [bms] [           main] o.s.b.f.s.DefaultListableBeanFactory     : Creating shared instance of singleton bean 'userServiceImpl'
2024-11-05T11:27:49.657+05:30 DEBUG 16976 --- [bms] [           main] o.s.b.f.s.DefaultListableBeanFactory     : Creating shared instance of singleton bean 'objectMapper'
2024-11-05T11:27:49.673+05:30 DEBUG 16976 --- [bms] [           main] o.s.b.f.s.DefaultListableBeanFactory     : Creating shared instance of singleton bean 'org.springframework.boot.autoconfigure.jackson.JacksonAutoConfiguration$JacksonObjectMapperBuilderConfiguration'
2024-11-05T11:27:49.674+05:30 DEBUG 16976 --- [bms] [           main] o.s.b.f.s.DefaultListableBeanFactory     : Creating shared instance of singleton bean 'standardJacksonObjectMapperBuilderCustomizer'
2024-11-05T11:27:49.674+05:30 DEBUG 16976 --- [bms] [           main] o.s.b.f.s.DefaultListableBeanFactory     : Creating shared instance of singleton bean 'org.springframework.boot.autoconfigure.jackson.JacksonAutoConfiguration$Jackson2ObjectMapperBuilderCustomizerConfiguration'
2024-11-05T11:27:49.674+05:30 DEBUG 16976 --- [bms] [           main] o.s.b.f.s.DefaultListableBeanFactory     : Creating shared instance of singleton bean 'spring.jackson-org.springframework.boot.autoconfigure.jackson.JacksonProperties'
2024-11-05T11:27:49.674+05:30 DEBUG 16976 --- [bms] [           main] o.s.b.f.s.DefaultListableBeanFactory     : Autowiring by type from bean name 'standardJacksonObjectMapperBuilderCustomizer' via factory method to bean named 'spring.jackson-org.springframework.boot.autoconfigure.jackson.JacksonProperties'
2024-11-05T11:27:49.674+05:30 DEBUG 16976 --- [bms] [           main] o.s.b.f.s.DefaultListableBeanFactory     : Creating shared instance of singleton bean 'parameterNamesModule'
2024-11-05T11:27:49.674+05:30 DEBUG 16976 --- [bms] [           main] o.s.b.f.s.DefaultListableBeanFactory     : Creating shared instance of singleton bean 'org.springframework.boot.autoconfigure.jackson.JacksonAutoConfiguration$ParameterNamesModuleConfiguration'
2024-11-05T11:27:49.682+05:30 DEBUG 16976 --- [bms] [           main] o.s.b.f.s.DefaultListableBeanFactory     : Creating shared instance of singleton bean 'jsonMixinModule'
2024-11-05T11:27:49.682+05:30 DEBUG 16976 --- [bms] [           main] o.s.b.f.s.DefaultListableBeanFactory     : Creating shared instance of singleton bean 'org.springframework.boot.autoconfigure.jackson.JacksonAutoConfiguration$JacksonMixinConfiguration'
2024-11-05T11:27:49.682+05:30 DEBUG 16976 --- [bms] [           main] o.s.b.f.s.DefaultListableBeanFactory     : Creating shared instance of singleton bean 'jsonMixinModuleEntries'
2024-11-05T11:27:49.682+05:30 DEBUG 16976 --- [bms] [           main] o.s.b.f.s.DefaultListableBeanFactory     : Autowiring by type from bean name 'jsonMixinModuleEntries' via factory method to bean named 'org.springframework.web.context.support.GenericWebApplicationContext@1fe8d51b'
2024-11-05T11:27:49.689+05:30 DEBUG 16976 --- [bms] [           main] o.s.b.f.s.DefaultListableBeanFactory     : Autowiring by type from bean name 'jsonMixinModule' via factory method to bean named 'org.springframework.web.context.support.GenericWebApplicationContext@1fe8d51b'
2024-11-05T11:27:49.689+05:30 DEBUG 16976 --- [bms] [           main] o.s.b.f.s.DefaultListableBeanFactory     : Autowiring by type from bean name 'jsonMixinModule' via factory method to bean named 'jsonMixinModuleEntries'
2024-11-05T11:27:49.689+05:30 DEBUG 16976 --- [bms] [           main] o.s.b.f.s.DefaultListableBeanFactory     : Creating shared instance of singleton bean 'jsonComponentModule'
2024-11-05T11:27:49.689+05:30 DEBUG 16976 --- [bms] [           main] o.s.b.f.s.DefaultListableBeanFactory     : Creating shared instance of singleton bean 'org.springframework.boot.autoconfigure.jackson.JacksonAutoConfiguration'
2024-11-05T11:27:49.689+05:30 DEBUG 16976 --- [bms] [           main] o.s.b.f.s.DefaultListableBeanFactory     : Creating shared instance of singleton bean 'jacksonGeoModule'
2024-11-05T11:27:49.689+05:30 DEBUG 16976 --- [bms] [           main] o.s.b.f.s.DefaultListableBeanFactory     : Creating shared instance of singleton bean 'org.springframework.data.web.config.SpringDataJacksonConfiguration'
2024-11-05T11:27:49.705+05:30 DEBUG 16976 --- [bms] [           main] o.s.b.f.s.DefaultListableBeanFactory     : Creating shared instance of singleton bean 'pageModule'
2024-11-05T11:27:49.705+05:30 DEBUG 16976 --- [bms] [           main] o.s.b.f.s.DefaultListableBeanFactory     : Autowiring by type from bean name 'jacksonObjectMapperBuilder' via factory method to bean named 'org.springframework.web.context.support.GenericWebApplicationContext@1fe8d51b'
2024-11-05T11:27:49.705+05:30 DEBUG 16976 --- [bms] [           main] o.s.b.f.s.DefaultListableBeanFactory     : Autowiring by type from bean name 'jacksonObjectMapperBuilder' via factory method to bean named 'standardJacksonObjectMapperBuilderCustomizer'
2024-11-05T11:27:49.705+05:30 DEBUG 16976 --- [bms] [           main] o.s.b.f.s.DefaultListableBeanFactory     : Autowiring by type from bean name 'objectMapper' via factory method to bean named 'jacksonObjectMapperBuilder'
2024-11-05T11:27:49.731+05:30 DEBUG 16976 --- [bms] [           main] o.s.b.f.s.DefaultListableBeanFactory     : Creating shared instance of singleton bean 'validator'
2024-11-05T11:27:49.736+05:30 DEBUG 16976 --- [bms] [           main] .h.v.m.ResourceBundleMessageInterpolator : Loaded expression factory via original TCCL
2024-11-05T11:27:49.737+05:30 DEBUG 16976 --- [bms] [           main] o.h.v.i.e.AbstractConfigurationImpl      : Setting custom MessageInterpolator of type org.springframework.validation.beanvalidation.LocaleContextMessageInterpolator
2024-11-05T11:27:49.738+05:30 DEBUG 16976 --- [bms] [           main] o.h.v.i.e.AbstractConfigurationImpl      : Setting custom ConstraintValidatorFactory of type org.springframework.validation.beanvalidation.SpringConstraintValidatorFactory
2024-11-05T11:27:49.738+05:30 DEBUG 16976 --- [bms] [           main] o.h.v.i.xml.config.ValidationXmlParser   : Trying to load META-INF/validation.xml for XML based Validator configuration.
2024-11-05T11:27:49.739+05:30 DEBUG 16976 --- [bms] [           main] o.h.v.i.xml.config.ResourceLoaderHelper  : Trying to load META-INF/validation.xml via user class loader
2024-11-05T11:27:49.739+05:30 DEBUG 16976 --- [bms] [           main] o.h.v.i.xml.config.ResourceLoaderHelper  : Trying to load META-INF/validation.xml via TCCL
2024-11-05T11:27:49.739+05:30 DEBUG 16976 --- [bms] [           main] o.h.v.i.xml.config.ResourceLoaderHelper  : Trying to load META-INF/validation.xml via Hibernate Validator's class loader
2024-11-05T11:27:49.740+05:30 DEBUG 16976 --- [bms] [           main] o.h.v.i.xml.config.ValidationXmlParser   : No META-INF/validation.xml found. Using annotation based configuration only.
2024-11-05T11:27:49.740+05:30 DEBUG 16976 --- [bms] [           main] o.h.v.i.e.resolver.TraversableResolvers  : Found jakarta.persistence.Persistence on classpath containing 'getPersistenceUtil'. Assuming JPA 2 environment. Trying to instantiate JPA aware TraversableResolver
2024-11-05T11:27:49.740+05:30 DEBUG 16976 --- [bms] [           main] o.h.v.i.e.resolver.TraversableResolvers  : Instantiated JPA aware TraversableResolver of type org.hibernate.validator.internal.engine.resolver.JPATraversableResolver.
2024-11-05T11:27:49.742+05:30 DEBUG 16976 --- [bms] [           main] .i.e.ValidatorFactoryConfigurationHelper : HV000252: Using org.hibernate.validator.internal.engine.DefaultPropertyNodeNameProvider as property node name provider.
2024-11-05T11:27:49.742+05:30 DEBUG 16976 --- [bms] [           main] .i.e.ValidatorFactoryConfigurationHelper : HV000234: Using org.springframework.validation.beanvalidation.LocaleContextMessageInterpolator as ValidatorFactory-scoped message interpolator.
2024-11-05T11:27:49.742+05:30 DEBUG 16976 --- [bms] [           main] .i.e.ValidatorFactoryConfigurationHelper : HV000234: Using org.hibernate.validator.internal.engine.resolver.JPATraversableResolver as ValidatorFactory-scoped traversable resolver.
2024-11-05T11:27:49.743+05:30 DEBUG 16976 --- [bms] [           main] .i.e.ValidatorFactoryConfigurationHelper : HV000234: Using org.hibernate.validator.internal.util.ExecutableParameterNameProvider as ValidatorFactory-scoped parameter name provider.
2024-11-05T11:27:49.743+05:30 DEBUG 16976 --- [bms] [           main] .i.e.ValidatorFactoryConfigurationHelper : HV000234: Using org.hibernate.validator.internal.engine.DefaultClockProvider as ValidatorFactory-scoped clock provider.
2024-11-05T11:27:49.743+05:30 DEBUG 16976 --- [bms] [           main] .i.e.ValidatorFactoryConfigurationHelper : HV000234: Using org.hibernate.validator.internal.engine.scripting.DefaultScriptEvaluatorFactory as ValidatorFactory-scoped script evaluator factory.
2024-11-05T11:27:49.749+05:30 DEBUG 16976 --- [bms] [           main] o.s.b.f.s.DefaultListableBeanFactory     : Creating shared instance of singleton bean 'customOpenAPI'
2024-11-05T11:27:49.759+05:30 DEBUG 16976 --- [bms] [           main] o.s.b.f.s.DefaultListableBeanFactory     : Creating shared instance of singleton bean 'org.springframework.boot.autoconfigure.context.PropertyPlaceholderAutoConfiguration'
2024-11-05T11:27:49.760+05:30 DEBUG 16976 --- [bms] [           main] o.s.b.f.s.DefaultListableBeanFactory     : Creating shared instance of singleton bean 'org.springframework.boot.autoconfigure.ssl.SslAutoConfiguration'
2024-11-05T11:27:49.762+05:30 DEBUG 16976 --- [bms] [           main] o.s.b.f.s.DefaultListableBeanFactory     : Creating shared instance of singleton bean 'spring.ssl-org.springframework.boot.autoconfigure.ssl.SslProperties'
2024-11-05T11:27:49.762+05:30 DEBUG 16976 --- [bms] [           main] o.s.b.f.s.DefaultListableBeanFactory     : Autowiring by type from bean name 'org.springframework.boot.autoconfigure.ssl.SslAutoConfiguration' via constructor to bean named 'org.springframework.web.context.support.GenericWebApplicationContext@1fe8d51b'
2024-11-05T11:27:49.762+05:30 DEBUG 16976 --- [bms] [           main] o.s.b.f.s.DefaultListableBeanFactory     : Autowiring by type from bean name 'org.springframework.boot.autoconfigure.ssl.SslAutoConfiguration' via constructor to bean named 'spring.ssl-org.springframework.boot.autoconfigure.ssl.SslProperties'
2024-11-05T11:27:49.762+05:30 DEBUG 16976 --- [bms] [           main] o.s.b.f.s.DefaultListableBeanFactory     : Creating shared instance of singleton bean 'fileWatcher'
2024-11-05T11:27:49.762+05:30 DEBUG 16976 --- [bms] [           main] o.s.b.f.s.DefaultListableBeanFactory     : Creating shared instance of singleton bean 'sslPropertiesSslBundleRegistrar'
2024-11-05T11:27:49.762+05:30 DEBUG 16976 --- [bms] [           main] o.s.b.f.s.DefaultListableBeanFactory     : Autowiring by type from bean name 'sslPropertiesSslBundleRegistrar' via factory method to bean named 'fileWatcher'
[...]
2024-11-05T11:27:50.585+05:30 DEBUG 16976 --- [bms] [           main] o.s.b.f.s.DefaultListableBeanFactory     : Creating shared instance of singleton bean 'applicationAvailability'
2024-11-05T11:27:50.593+05:30 DEBUG 16976 --- [bms] [           main] o.s.b.f.s.DefaultListableBeanFactory     : Creating shared instance of singleton bean 'org.springframework.boot.autoconfigure.transaction.jta.JtaAutoConfiguration'
2024-11-05T11:27:50.596+05:30 DEBUG 16976 --- [bms] [           main] o.s.b.f.s.DefaultListableBeanFactory     : Creating shared instance of singleton bean 'org.springframework.boot.autoconfigure.jdbc.metadata.DataSourcePoolMetadataProvidersConfiguration'
2024-11-05T11:27:50.596+05:30 DEBUG 16976 --- [bms] [           main] o.s.b.f.s.DefaultListableBeanFactory     : Creating shared instance of singleton bean 'org.springframework.boot.autoconfigure.jdbc.DataSourceAutoConfiguration'
2024-11-05T11:27:50.596+05:30 DEBUG 16976 --- [bms] [           main] o.s.b.f.s.DefaultListableBeanFactory     : Creating shared instance of singleton bean 'org.springframework.boot.autoconfigure.transaction.TransactionManagerCustomizationAutoConfiguration'
2024-11-05T11:27:50.596+05:30 DEBUG 16976 --- [bms] [           main] o.s.b.f.s.DefaultListableBeanFactory     : Creating shared instance of singleton bean 'platformTransactionManagerCustomizers'
2024-11-05T11:27:50.596+05:30 DEBUG 16976 --- [bms] [           main] o.s.b.f.s.DefaultListableBeanFactory     : Creating shared instance of singleton bean 'transactionExecutionListeners'
2024-11-05T11:27:50.596+05:30 DEBUG 16976 --- [bms] [           main] o.s.b.f.s.DefaultListableBeanFactory     : Creating shared instance of singleton bean 'spring.transaction-org.springframework.boot.autoconfigure.transaction.TransactionProperties'
2024-11-05T11:27:50.596+05:30 DEBUG 16976 --- [bms] [           main] o.s.b.f.s.DefaultListableBeanFactory     : Creating shared instance of singleton bean 'org.springframework.boot.autoconfigure.orm.jpa.JpaBaseConfiguration$PersistenceManagedTypesConfiguration'
2024-11-05T11:27:50.596+05:30 DEBUG 16976 --- [bms] [           main] o.s.b.f.s.DefaultListableBeanFactory     : Creating shared instance of singleton bean 'transactionManager'
2024-11-05T11:27:50.625+05:30 DEBUG 16976 --- [bms] [           main] o.s.b.f.s.DefaultListableBeanFactory     : Creating shared instance of singleton bean 'org.springframework.boot.autoconfigure.orm.jpa.HibernateJpaAutoConfiguration'
2024-11-05T11:27:50.626+05:30 DEBUG 16976 --- [bms] [           main] o.s.b.f.s.DefaultListableBeanFactory     : Creating shared instance of singleton bean 'org.springframework.boot.autoconfigure.jackson.JacksonAutoConfiguration$JacksonObjectMapperConfiguration'
2024-11-05T11:27:50.626+05:30 DEBUG 16976 --- [bms] [           main] o.s.b.f.s.DefaultListableBeanFactory     : Creating shared instance of singleton bean 'org.springframework.boot.autoconfigure.context.ConfigurationPropertiesAutoConfiguration'
2024-11-05T11:27:50.626+05:30 DEBUG 16976 --- [bms] [           main] o.s.b.f.s.DefaultListableBeanFactory     : Creating shared instance of singleton bean 'org.springframework.boot.autoconfigure.context.LifecycleAutoConfiguration'
2024-11-05T11:27:50.626+05:30 DEBUG 16976 --- [bms] [           main] o.s.b.f.s.DefaultListableBeanFactory     : Creating shared instance of singleton bean 'lifecycleProcessor'
2024-11-05T11:27:50.626+05:30 DEBUG 16976 --- [bms] [           main] o.s.b.f.s.DefaultListableBeanFactory     : Creating shared instance of singleton bean 'spring.lifecycle-org.springframework.boot.autoconfigure.context.LifecycleProperties'
2024-11-05T11:27:50.626+05:30 DEBUG 16976 --- [bms] [           main] o.s.b.f.s.DefaultListableBeanFactory     : Autowiring by type from bean name 'lifecycleProcessor' via factory method to bean named 'spring.lifecycle-org.springframework.boot.autoconfigure.context.LifecycleProperties'
2024-11-05T11:27:50.626+05:30 DEBUG 16976 --- [bms] [           main] o.s.b.f.s.DefaultListableBeanFactory     : Creating shared instance of singleton bean 'org.springframework.boot.autoconfigure.dao.PersistenceExceptionTranslationAutoConfiguration'
2024-11-05T11:27:50.626+05:30 DEBUG 16976 --- [bms] [           main] o.s.b.f.s.DefaultListableBeanFactory     : Creating shared instance of singleton bean 'org.springframework.boot.autoconfigure.data.jpa.JpaRepositoriesAutoConfiguration'
2024-11-05T11:27:50.626+05:30 DEBUG 16976 --- [bms] [           main] o.s.b.f.s.DefaultListableBeanFactory     : Creating shared instance of singleton bean 'org.springframework.data.jpa.util.JpaMetamodelCacheCleanup'
2024-11-05T11:27:50.626+05:30 DEBUG 16976 --- [bms] [           main] o.s.b.f.s.DefaultListableBeanFactory     : Creating shared instance of singleton bean 'org.springframework.data.jpa.repository.support.JpaEvaluationContextExtension'
2024-11-05T11:27:50.626+05:30 DEBUG 16976 --- [bms] [           main] o.s.b.f.s.DefaultListableBeanFactory     : Creating shared instance of singleton bean 'data-jpa.repository-aot-processor#0'
2024-11-05T11:27:50.626+05:30 DEBUG 16976 --- [bms] [           main] o.s.b.f.s.DefaultListableBeanFactory     : Creating shared instance of singleton bean 'org.springframework.boot.autoconfigure.http.JacksonHttpMessageConvertersConfiguration'
2024-11-05T11:27:50.641+05:30 DEBUG 16976 --- [bms] [           main] o.s.b.f.s.DefaultListableBeanFactory     : Creating shared instance of singleton bean 'org.springframework.data.web.config.ProjectingArgumentResolverRegistrar'
2024-11-05T11:27:50.642+05:30 DEBUG 16976 --- [bms] [           main] o.s.b.f.s.DefaultListableBeanFactory     : Creating shared instance of singleton bean 'offsetResolver'
2024-11-05T11:27:50.643+05:30 DEBUG 16976 --- [bms] [           main] o.s.b.f.s.DefaultListableBeanFactory     : Creating shared instance of singleton bean 'org.springframework.boot.autoconfigure.info.ProjectInfoAutoConfiguration'
2024-11-05T11:27:50.643+05:30 DEBUG 16976 --- [bms] [           main] o.s.b.f.s.DefaultListableBeanFactory     : Creating shared instance of singleton bean 'spring.info-org.springframework.boot.autoconfigure.info.ProjectInfoProperties'
2024-11-05T11:27:50.652+05:30 DEBUG 16976 --- [bms] [           main] o.s.b.f.s.DefaultListableBeanFactory     : Autowiring by type from bean name 'org.springframework.boot.autoconfigure.info.ProjectInfoAutoConfiguration' via constructor to bean named 'spring.info-org.springframework.boot.autoconfigure.info.ProjectInfoProperties'
2024-11-05T11:27:50.652+05:30 DEBUG 16976 --- [bms] [           main] o.s.b.f.s.DefaultListableBeanFactory     : Creating shared instance of singleton bean 'org.springframework.boot.autoconfigure.jdbc.JdbcTemplateConfiguration'
2024-11-05T11:27:50.652+05:30 DEBUG 16976 --- [bms] [           main] o.s.b.f.s.DefaultListableBeanFactory     : Creating shared instance of singleton bean 'jdbcTemplate'
2024-11-05T11:27:50.652+05:30 DEBUG 16976 --- [bms] [           main] o.s.b.f.s.DefaultListableBeanFactory     : Creating shared instance of singleton bean 'spring.jdbc-org.springframework.boot.autoconfigure.jdbc.JdbcProperties'
2024-11-05T11:27:50.652+05:30 DEBUG 16976 --- [bms] [           main] o.s.b.f.s.DefaultListableBeanFactory     : Autowiring by type from bean name 'jdbcTemplate' via factory method to bean named 'dataSource'
2024-11-05T11:27:50.652+05:30 DEBUG 16976 --- [bms] [           main] o.s.b.f.s.DefaultListableBeanFactory     : Autowiring by type from bean name 'jdbcTemplate' via factory method to bean named 'spring.jdbc-org.springframework.boot.autoconfigure.jdbc.JdbcProperties'
2024-11-05T11:27:50.660+05:30 DEBUG 16976 --- [bms] [           main] o.s.b.f.s.DefaultListableBeanFactory     : Creating shared instance of singleton bean 'org.springframework.boot.autoconfigure.jdbc.NamedParameterJdbcTemplateConfiguration'
2024-11-05T11:27:50.660+05:30 DEBUG 16976 --- [bms] [           main] o.s.b.f.s.DefaultListableBeanFactory     : Creating shared instance of singleton bean 'namedParameterJdbcTemplate'
2024-11-05T11:27:50.660+05:30 DEBUG 16976 --- [bms] [           main] o.s.b.f.s.DefaultListableBeanFactory     : Autowiring by type from bean name 'namedParameterJdbcTemplate' via factory method to bean named 'jdbcTemplate'
2024-11-05T11:27:50.660+05:30 DEBUG 16976 --- [bms] [           main] o.s.b.f.s.DefaultListableBeanFactory     : Creating shared instance of singleton bean 'org.springframework.boot.autoconfigure.jdbc.JdbcTemplateAutoConfiguration'
2024-11-05T11:27:50.660+05:30 DEBUG 16976 --- [bms] [           main] o.s.b.f.s.DefaultListableBeanFactory     : Creating shared instance of singleton bean 'org.springframework.boot.autoconfigure.jdbc.JdbcClientAutoConfiguration'
2024-11-05T11:27:50.675+05:30 DEBUG 16976 --- [bms] [           main] o.s.b.f.s.DefaultListableBeanFactory     : Creating shared instance of singleton bean 'jdbcClient'
2024-11-05T11:27:50.675+05:30 DEBUG 16976 --- [bms] [           main] o.s.b.f.s.DefaultListableBeanFactory     : Autowiring by type from bean name 'jdbcClient' via factory method to bean named 'namedParameterJdbcTemplate'
2024-11-05T11:27:50.676+05:30 DEBUG 16976 --- [bms] [           main] o.s.b.f.s.DefaultListableBeanFactory     : Creating shared instance of singleton bean 'org.springframework.boot.autoconfigure.sql.init.SqlInitializationAutoConfiguration'
2024-11-05T11:27:50.676+05:30 DEBUG 16976 --- [bms] [           main] o.s.b.f.s.DefaultListableBeanFactory     : Creating shared instance of singleton bean 'org.springframework.boot.autoconfigure.task.TaskSchedulingConfigurations$ThreadPoolTaskSchedulerBuilderConfiguration'
2024-11-05T11:27:50.676+05:30 DEBUG 16976 --- [bms] [           main] o.s.b.f.s.DefaultListableBeanFactory     : Creating shared instance of singleton bean 'threadPoolTaskSchedulerBuilder'
2024-11-05T11:27:50.676+05:30 DEBUG 16976 --- [bms] [           main] o.s.b.f.s.DefaultListableBeanFactory     : Creating shared instance of singleton bean 'spring.task.scheduling-org.springframework.boot.autoconfigure.task.TaskSchedulingProperties'
2024-11-05T11:27:50.676+05:30 DEBUG 16976 --- [bms] [           main] o.s.b.f.s.DefaultListableBeanFactory     : Autowiring by type from bean name 'threadPoolTaskSchedulerBuilder' via factory method to bean named 'spring.task.scheduling-org.springframework.boot.autoconfigure.task.TaskSchedulingProperties'
2024-11-05T11:27:50.682+05:30 DEBUG 16976 --- [bms] [           main] o.s.b.f.s.DefaultListableBeanFactory     : Creating shared instance of singleton bean 'org.springframework.boot.autoconfigure.task.TaskSchedulingConfigurations$TaskSchedulerBuilderConfiguration'
2024-11-05T11:27:50.682+05:30 DEBUG 16976 --- [bms] [           main] o.s.b.f.s.DefaultListableBeanFactory     : Creating shared instance of singleton bean 'taskSchedulerBuilder'
2024-11-05T11:27:50.682+05:30 DEBUG 16976 --- [bms] [           main] o.s.b.f.s.DefaultListableBeanFactory     : Autowiring by type from bean name 'taskSchedulerBuilder' via factory method to bean named 'spring.task.scheduling-org.springframework.boot.autoconfigure.task.TaskSchedulingProperties'
2024-11-05T11:27:50.682+05:30 DEBUG 16976 --- [bms] [           main] o.s.b.f.s.DefaultListableBeanFactory     : Creating shared instance of singleton bean 'org.springframework.boot.autoconfigure.task.TaskSchedulingConfigurations$SimpleAsyncTaskSchedulerBuilderConfiguration'
2024-11-05T11:27:50.682+05:30 DEBUG 16976 --- [bms] [           main] o.s.b.f.s.DefaultListableBeanFactory     : Autowiring by type from bean name 'org.springframework.boot.autoconfigure.task.TaskSchedulingConfigurations$SimpleAsyncTaskSchedulerBuilderConfiguration' via constructor to bean named 'spring.task.scheduling-org.springframework.boot.autoconfigure.task.TaskSchedulingProperties'
2024-11-05T11:27:50.682+05:30 DEBUG 16976 --- [bms] [           main] o.s.b.f.s.DefaultListableBeanFactory     : Creating shared instance of singleton bean 'simpleAsyncTaskSchedulerBuilder'
2024-11-05T11:27:50.682+05:30 DEBUG 16976 --- [bms] [           main] o.s.b.f.s.DefaultListableBeanFactory     : Creating shared instance of singleton bean 'org.springframework.boot.autoconfigure.task.TaskSchedulingAutoConfiguration'
2024-11-05T11:27:50.682+05:30 DEBUG 16976 --- [bms] [           main] o.s.b.f.s.DefaultListableBeanFactory     : Creating shared instance of singleton bean 'org.springframework.boot.autoconfigure.jdbc.DataSourceTransactionManagerAutoConfiguration$JdbcTransactionManagerConfiguration'
2024-11-05T11:27:50.682+05:30 DEBUG 16976 --- [bms] [           main] o.s.b.f.s.DefaultListableBeanFactory     : Creating shared instance of singleton bean 'org.springframework.boot.autoconfigure.jdbc.DataSourceTransactionManagerAutoConfiguration'
2024-11-05T11:27:50.682+05:30 DEBUG 16976 --- [bms] [           main] o.s.b.f.s.DefaultListableBeanFactory     : Creating shared instance of singleton bean 'org.springframework.boot.autoconfigure.transaction.TransactionAutoConfiguration$EnableTransactionManagementConfiguration$CglibAutoProxyConfiguration'
2024-11-05T11:27:50.692+05:30 DEBUG 16976 --- [bms] [           main] o.s.b.f.s.DefaultListableBeanFactory     : Creating shared instance of singleton bean 'org.springframework.boot.autoconfigure.transaction.TransactionAutoConfiguration$EnableTransactionManagementConfiguration'
2024-11-05T11:27:50.692+05:30 DEBUG 16976 --- [bms] [           main] o.s.b.f.s.DefaultListableBeanFactory     : Creating shared instance of singleton bean 'org.springframework.boot.autoconfigure.transaction.TransactionAutoConfiguration$TransactionTemplateConfiguration'
2024-11-05T11:27:50.692+05:30 DEBUG 16976 --- [bms] [           main] o.s.b.f.s.DefaultListableBeanFactory     : Creating shared instance of singleton bean 'transactionTemplate'
2024-11-05T11:27:50.692+05:30 DEBUG 16976 --- [bms] [           main] o.s.b.f.s.DefaultListableBeanFactory     : Autowiring by type from bean name 'transactionTemplate' via factory method to bean named 'transactionManager'
2024-11-05T11:27:50.693+05:30 DEBUG 16976 --- [bms] [           main] o.s.b.f.s.DefaultListableBeanFactory     : Creating shared instance of singleton bean 'org.springframework.boot.autoconfigure.transaction.TransactionAutoConfiguration'
2024-11-05T11:27:50.695+05:30 DEBUG 16976 --- [bms] [           main] o.s.b.f.s.DefaultListableBeanFactory     : Creating shared instance of singleton bean 'org.springframework.boot.autoconfigure.web.client.RestClientAutoConfiguration'
2024-11-05T11:27:50.695+05:30 DEBUG 16976 --- [bms] [           main] o.s.b.f.s.DefaultListableBeanFactory     : Creating shared instance of singleton bean 'httpMessageConvertersRestClientCustomizer'
2024-11-05T11:27:50.696+05:30 DEBUG 16976 --- [bms] [           main] o.s.b.f.s.DefaultListableBeanFactory     : Creating shared instance of singleton bean 'restClientSsl'
2024-11-05T11:27:50.696+05:30 DEBUG 16976 --- [bms] [           main] o.s.b.f.s.DefaultListableBeanFactory     : Autowiring by type from bean name 'restClientSsl' via factory method to bean named 'sslBundleRegistry'
2024-11-05T11:27:50.697+05:30 DEBUG 16976 --- [bms] [           main] o.s.b.f.s.DefaultListableBeanFactory     : Creating shared instance of singleton bean 'restClientBuilderConfigurer'
2024-11-05T11:27:50.697+05:30 DEBUG 16976 --- [bms] [           main] o.s.b.f.s.DefaultListableBeanFactory     : Creating shared instance of singleton bean 'org.springframework.boot.autoconfigure.web.client.RestTemplateAutoConfiguration'
2024-11-05T11:27:50.698+05:30 DEBUG 16976 --- [bms] [           main] o.s.b.f.s.DefaultListableBeanFactory     : Creating shared instance of singleton bean 'characterEncodingFilter'
2024-11-05T11:27:50.699+05:30 DEBUG 16976 --- [bms] [           main] o.s.b.f.s.DefaultListableBeanFactory     : Creating shared instance of singleton bean 'multipartResolver'
2024-11-05T11:27:50.722+05:30  INFO 16976 --- [bms] [           main] com.onlinebooking.bms.UserServiceTest    : Started UserServiceTest in 7.388 seconds (process running for 9.227)
2024-11-05T11:27:51.545+05:30 DEBUG 16976 --- [bms] [           main] org.hibernate.SQL                        : select u1_0.id,u1_0.mobile,u1_0.name from users u1_0 where u1_0.mobile=?
Hibernate: select u1_0.id,u1_0.mobile,u1_0.name from users u1_0 where u1_0.mobile=?
2024-11-05T11:27:51.561+05:30 DEBUG 16976 --- [bms] [           main] org.hibernate.SQL                        : select u1_0.id from users u1_0 where u1_0.mobile=? limit ?
Hibernate: select u1_0.id from users u1_0 where u1_0.mobile=? limit ?
2024-11-05T11:27:51.561+05:30  INFO 16976 --- [bms] [           main] c.o.bms.service.impl.UserServiceImpl     : Adding New User: UserDto(id=0, name=Test, mobile=124, tickets=null)
2024-11-05T11:27:51.600+05:30 DEBUG 16976 --- [bms] [           main] org.hibernate.SQL                        : insert into users (mobile,name) values (?,?)
Hibernate: insert into users (mobile,name) values (?,?)
2024-11-05T11:27:51.615+05:30  INFO 16976 --- [bms] [           main] c.o.bms.service.impl.UserServiceImpl     : Added New User [id: 28, Mobile: 124]
]]></system-out>
  </testcase>
  <testcase name="testGetUser" classname="com.onlinebooking.bms.UserServiceTest" time="0.022">
    <system-out><![CDATA[2024-11-05T11:27:51.651+05:30 DEBUG 16976 --- [bms] [           main] org.hibernate.SQL                        : select u1_0.id,u1_0.mobile,u1_0.name from users u1_0 where u1_0.mobile=?
Hibernate: select u1_0.id,u1_0.mobile,u1_0.name from users u1_0 where u1_0.mobile=?
2024-11-05T11:27:51.654+05:30 DEBUG 16976 --- [bms] [           main] org.hibernate.SQL                        : select u1_0.id from users u1_0 where u1_0.mobile=? limit ?
Hibernate: select u1_0.id from users u1_0 where u1_0.mobile=? limit ?
2024-11-05T11:27:51.655+05:30  INFO 16976 --- [bms] [           main] c.o.bms.service.impl.UserServiceImpl     : Adding New User: UserDto(id=0, name=Test, mobile=124, tickets=null)
2024-11-05T11:27:51.655+05:30 DEBUG 16976 --- [bms] [           main] org.hibernate.SQL                        : insert into users (mobile,name) values (?,?)
Hibernate: insert into users (mobile,name) values (?,?)
2024-11-05T11:27:51.660+05:30  INFO 16976 --- [bms] [           main] c.o.bms.service.impl.UserServiceImpl     : Added New User [id: 29, Mobile: 124]
2024-11-05T11:27:51.662+05:30  INFO 16976 --- [bms] [           main] c.o.bms.service.impl.UserServiceImpl     : Searching User by id: 29
]]></system-out>
  </testcase>
  <testcase name="testAddDuplicateUser" classname="com.onlinebooking.bms.UserServiceTest" time="0.018">
    <system-out><![CDATA[2024-11-05T11:27:51.683+05:30 DEBUG 16976 --- [bms] [           main] org.hibernate.SQL                        : select u1_0.id,u1_0.mobile,u1_0.name from users u1_0 where u1_0.mobile=?
Hibernate: select u1_0.id,u1_0.mobile,u1_0.name from users u1_0 where u1_0.mobile=?
2024-11-05T11:27:51.683+05:30 DEBUG 16976 --- [bms] [           main] org.hibernate.SQL                        : select u1_0.id from users u1_0 where u1_0.mobile=? limit ?
Hibernate: select u1_0.id from users u1_0 where u1_0.mobile=? limit ?
2024-11-05T11:27:51.683+05:30  INFO 16976 --- [bms] [           main] c.o.bms.service.impl.UserServiceImpl     : Adding New User: UserDto(id=0, name=Test, mobile=124, tickets=null)
2024-11-05T11:27:51.683+05:30 DEBUG 16976 --- [bms] [           main] org.hibernate.SQL                        : insert into users (mobile,name) values (?,?)
Hibernate: insert into users (mobile,name) values (?,?)
2024-11-05T11:27:51.683+05:30  INFO 16976 --- [bms] [           main] c.o.bms.service.impl.UserServiceImpl     : Added New User [id: 30, Mobile: 124]
2024-11-05T11:27:51.698+05:30 DEBUG 16976 --- [bms] [           main] org.hibernate.SQL                        : select u1_0.id from users u1_0 where u1_0.mobile=? limit ?
Hibernate: select u1_0.id from users u1_0 where u1_0.mobile=? limit ?
]]></system-out>
  </testcase>
</testsuite>